2025-12-28 20:12:43,029 INFO o.a.j.u.JMeterUtils: Setting Locale to en_EN
2025-12-28 20:12:43,042 INFO o.a.j.JMeter: Loading user properties from: user.properties
2025-12-28 20:12:43,042 INFO o.a.j.JMeter: Loading system properties from: system.properties
2025-12-28 20:12:43,047 INFO o.a.j.JMeter: Copyright (c) 1998-2024 The Apache Software Foundation
2025-12-28 20:12:43,047 INFO o.a.j.JMeter: Version 5.6.3
2025-12-28 20:12:43,047 INFO o.a.j.JMeter: java.version=21.0.8
2025-12-28 20:12:43,047 INFO o.a.j.JMeter: java.vm.name=Java HotSpot(TM) 64-Bit Server VM
2025-12-28 20:12:43,047 INFO o.a.j.JMeter: os.name=Windows 10
2025-12-28 20:12:43,047 INFO o.a.j.JMeter: os.arch=amd64
2025-12-28 20:12:43,047 INFO o.a.j.JMeter: os.version=10.0
2025-12-28 20:12:43,047 INFO o.a.j.JMeter: file.encoding=UTF-8
2025-12-28 20:12:43,047 INFO o.a.j.JMeter: java.awt.headless=null
2025-12-28 20:12:43,047 INFO o.a.j.JMeter: Max memory     =1073741824
2025-12-28 20:12:43,047 INFO o.a.j.JMeter: Available Processors =16
2025-12-28 20:12:43,053 INFO o.a.j.JMeter: Default Locale=English (EN)
2025-12-28 20:12:43,054 INFO o.a.j.JMeter: JMeter  Locale=English (EN)
2025-12-28 20:12:43,054 INFO o.a.j.JMeter: JMeterHome=C:\Users\saifi\Desktop\CSE430\Jmeter\apache-jmeter-5.6.3
2025-12-28 20:12:43,054 INFO o.a.j.JMeter: user.dir  =C:\Users\saifi\Desktop\CSE430\Jmeter\apache-jmeter-5.6.3\bin
2025-12-28 20:12:43,054 INFO o.a.j.JMeter: PWD       =C:\Users\saifi\Desktop\CSE430\Jmeter\apache-jmeter-5.6.3\bin
2025-12-28 20:12:43,056 INFO o.a.j.JMeter: IP: 192.168.10.121 Name: DESKTOP-JGMIUV5 FullName: DESKTOP-JGMIUV5.lan
2025-12-28 20:12:43,068 INFO o.a.j.JMeter: Loaded icon properties from org/apache/jmeter/images/icon.properties
2025-12-28 20:12:43,180 INFO o.a.j.JMeterGuiLauncher: Setting LAF to: laf:com.sun.java.swing.plaf.windows.WindowsLookAndFeel
2025-12-28 20:12:51,997 INFO o.a.j.s.FileServer: Default base='C:\Users\saifi\Desktop\CSE430\Jmeter\apache-jmeter-5.6.3\bin'
2025-12-28 20:12:51,999 INFO o.a.j.g.a.Load: Loading file: C:\Users\saifi\Desktop\CSE430\Jmeter\Test Plan.jmx
2025-12-28 20:12:51,999 INFO o.a.j.s.FileServer: Set new base='C:\Users\saifi\Desktop\CSE430\Jmeter'
2025-12-28 20:12:52,119 INFO o.a.j.s.SaveService: Testplan (JMX) version: 2.2. Testlog (JTL) version: 2.2
2025-12-28 20:12:52,142 INFO o.a.j.s.SaveService: Using SaveService properties version 5.0
2025-12-28 20:12:52,143 INFO o.a.j.s.SaveService: Using SaveService properties file encoding UTF-8
2025-12-28 20:12:52,144 INFO o.a.j.s.SaveService: Loading file: C:\Users\saifi\Desktop\CSE430\Jmeter\Test Plan.jmx
2025-12-28 20:12:52,160 INFO o.a.j.p.h.s.HTTPSamplerBase: Parser for text/html is org.apache.jmeter.protocol.http.parser.LagartoBasedHtmlParser
2025-12-28 20:12:52,160 INFO o.a.j.p.h.s.HTTPSamplerBase: Parser for application/xhtml+xml is org.apache.jmeter.protocol.http.parser.LagartoBasedHtmlParser
2025-12-28 20:12:52,160 INFO o.a.j.p.h.s.HTTPSamplerBase: Parser for application/xml is org.apache.jmeter.protocol.http.parser.LagartoBasedHtmlParser
2025-12-28 20:12:52,161 INFO o.a.j.p.h.s.HTTPSamplerBase: Parser for text/xml is org.apache.jmeter.protocol.http.parser.LagartoBasedHtmlParser
2025-12-28 20:12:52,161 INFO o.a.j.p.h.s.HTTPSamplerBase: Parser for text/vnd.wap.wml is org.apache.jmeter.protocol.http.parser.RegexpHTMLParser
2025-12-28 20:12:52,161 INFO o.a.j.p.h.s.HTTPSamplerBase: Parser for text/css is org.apache.jmeter.protocol.http.parser.CssParser
2025-12-28 20:12:52,236 INFO o.a.j.s.SampleResult: Note: Sample TimeStamps are START times
2025-12-28 20:12:52,237 INFO o.a.j.s.SampleResult: sampleresult.default.encoding is set to UTF-8
2025-12-28 20:12:52,237 INFO o.a.j.s.SampleResult: sampleresult.useNanoTime=true
2025-12-28 20:12:52,237 INFO o.a.j.s.SampleResult: sampleresult.nanoThreadSleep=5000
2025-12-28 20:12:52,369 INFO o.a.j.s.FileServer: Set new base='C:\Users\saifi\Desktop\CSE430\Jmeter'
2025-12-28 20:13:01,648 INFO o.a.j.e.StandardJMeterEngine: Running the test!
2025-12-28 20:13:01,648 INFO o.a.j.s.SampleEvent: List of sample_variables: []
2025-12-28 20:13:01,648 INFO o.a.j.s.SampleEvent: List of sample_variables: []
2025-12-28 20:13:01,649 INFO o.a.j.e.u.CompoundVariable: Note: Function class names must contain the string: '.functions.'
2025-12-28 20:13:01,649 INFO o.a.j.e.u.CompoundVariable: Note: Function class names must not contain the string: '.gui.'
2025-12-28 20:13:01,683 INFO o.a.j.g.u.JMeterMenuBar: setRunning(true, *local*)
2025-12-28 20:13:01,702 INFO o.a.j.e.StandardJMeterEngine: Starting ThreadGroup: 1 : Users
2025-12-28 20:13:01,703 INFO o.a.j.e.StandardJMeterEngine: Starting 10 threads for group Users.
2025-12-28 20:13:01,703 INFO o.a.j.e.StandardJMeterEngine: Thread will continue on error
2025-12-28 20:13:01,703 INFO o.a.j.t.ThreadGroup: Starting thread group... number=1 threads=10 ramp-up=10 delayedStart=false
2025-12-28 20:13:01,705 INFO o.a.j.t.JMeterThread: Thread started: Users 1-1
2025-12-28 20:13:01,706 INFO o.a.j.t.ThreadGroup: Started thread group number 1
2025-12-28 20:13:01,707 INFO o.a.j.e.StandardJMeterEngine: All thread groups have been started
2025-12-28 20:13:01,714 INFO o.a.j.p.h.s.HTTPHCAbstractImpl: Local host = DESKTOP-JGMIUV5
2025-12-28 20:13:01,718 INFO o.a.j.p.h.s.HTTPHC4Impl: HTTP request retry count = 0
2025-12-28 20:13:01,815 INFO o.a.j.t.JMeterThread: Thread is done: Users 1-1
2025-12-28 20:13:01,816 INFO o.a.j.t.JMeterThread: Thread finished: Users 1-1
2025-12-28 20:13:02,704 INFO o.a.j.t.JMeterThread: Thread started: Users 1-2
2025-12-28 20:13:02,724 INFO o.a.j.t.JMeterThread: Thread is done: Users 1-2
2025-12-28 20:13:02,724 INFO o.a.j.t.JMeterThread: Thread finished: Users 1-2
2025-12-28 20:13:03,703 INFO o.a.j.t.JMeterThread: Thread started: Users 1-3
2025-12-28 20:13:03,725 INFO o.a.j.t.JMeterThread: Thread is done: Users 1-3
2025-12-28 20:13:03,725 INFO o.a.j.t.JMeterThread: Thread finished: Users 1-3
2025-12-28 20:13:04,705 INFO o.a.j.t.JMeterThread: Thread started: Users 1-4
2025-12-28 20:13:04,727 INFO o.a.j.t.JMeterThread: Thread is done: Users 1-4
2025-12-28 20:13:04,728 INFO o.a.j.t.JMeterThread: Thread finished: Users 1-4
2025-12-28 20:13:04,738 INFO o.a.j.g.a.Start: Stopping test
2025-12-28 20:13:04,745 INFO o.a.j.t.JMeterThread: Stopping: Users 1-5
2025-12-28 20:13:04,745 INFO o.a.j.t.JMeterThread: Stopping: Users 1-8
2025-12-28 20:13:04,745 INFO o.a.j.t.JMeterThread: Stopping: Users 1-6
2025-12-28 20:13:04,745 INFO o.a.j.t.JMeterThread: Stopping: Users 1-10
2025-12-28 20:13:04,745 INFO o.a.j.t.JMeterThread: Thread started: Users 1-5
2025-12-28 20:13:04,745 INFO o.a.j.t.JMeterThread: Stopping: Users 1-7
2025-12-28 20:13:04,745 INFO o.a.j.t.JMeterThread: Thread started: Users 1-8
2025-12-28 20:13:04,745 INFO o.a.j.t.JMeterThread: Stopping: Users 1-9
2025-12-28 20:13:04,745 INFO o.a.j.t.JMeterThread: Thread started: Users 1-6
2025-12-28 20:13:04,745 INFO o.a.j.t.JMeterThread: Thread started: Users 1-10
2025-12-28 20:13:04,745 INFO o.a.j.t.JMeterThread: Thread started: Users 1-7
2025-12-28 20:13:04,745 INFO o.a.j.t.JMeterThread: Thread finished: Users 1-5
2025-12-28 20:13:04,745 INFO o.a.j.t.JMeterThread: Thread finished: Users 1-6
2025-12-28 20:13:04,745 INFO o.a.j.t.JMeterThread: Thread finished: Users 1-10
2025-12-28 20:13:04,745 INFO o.a.j.t.JMeterThread: Thread started: Users 1-9
2025-12-28 20:13:04,745 INFO o.a.j.t.JMeterThread: Thread finished: Users 1-8
2025-12-28 20:13:04,746 INFO o.a.j.t.JMeterThread: Thread finished: Users 1-7
2025-12-28 20:13:04,746 INFO o.a.j.t.JMeterThread: Thread finished: Users 1-9
2025-12-28 20:13:04,746 INFO o.a.j.e.StandardJMeterEngine: Notifying test listeners of end of test
2025-12-28 20:13:04,746 INFO o.a.j.g.u.JMeterMenuBar: setRunning(false, *local*)
2025-12-28 20:13:15,792 INFO o.a.j.e.StandardJMeterEngine: Running the test!
2025-12-28 20:13:15,793 INFO o.a.j.s.SampleEvent: List of sample_variables: []
2025-12-28 20:13:15,793 INFO o.a.j.g.u.JMeterMenuBar: setRunning(true, *local*)
2025-12-28 20:13:15,810 INFO o.a.j.e.StandardJMeterEngine: Starting ThreadGroup: 1 : Users
2025-12-28 20:13:15,810 INFO o.a.j.e.StandardJMeterEngine: Starting 10 threads for group Users.
2025-12-28 20:13:15,810 INFO o.a.j.e.StandardJMeterEngine: Thread will continue on error
2025-12-28 20:13:15,810 INFO o.a.j.t.ThreadGroup: Starting thread group... number=1 threads=10 ramp-up=10 delayedStart=false
2025-12-28 20:13:15,811 INFO o.a.j.t.JMeterThread: Thread started: Users 1-1
2025-12-28 20:13:15,812 INFO o.a.j.t.ThreadGroup: Started thread group number 1
2025-12-28 20:13:15,812 INFO o.a.j.e.StandardJMeterEngine: All thread groups have been started
2025-12-28 20:13:15,833 INFO o.a.j.t.JMeterThread: Thread is done: Users 1-1
2025-12-28 20:13:15,833 INFO o.a.j.t.JMeterThread: Thread finished: Users 1-1
2025-12-28 20:13:16,811 INFO o.a.j.t.JMeterThread: Thread started: Users 1-2
2025-12-28 20:13:16,830 INFO o.a.j.t.JMeterThread: Thread is done: Users 1-2
2025-12-28 20:13:16,830 INFO o.a.j.t.JMeterThread: Thread finished: Users 1-2
2025-12-28 20:13:17,810 INFO o.a.j.t.JMeterThread: Thread started: Users 1-3
2025-12-28 20:13:17,830 INFO o.a.j.t.JMeterThread: Thread is done: Users 1-3
2025-12-28 20:13:17,830 INFO o.a.j.t.JMeterThread: Thread finished: Users 1-3
2025-12-28 20:13:18,810 INFO o.a.j.t.JMeterThread: Thread started: Users 1-4
2025-12-28 20:13:18,829 INFO o.a.j.t.JMeterThread: Thread is done: Users 1-4
2025-12-28 20:13:18,829 INFO o.a.j.t.JMeterThread: Thread finished: Users 1-4
2025-12-28 20:13:19,810 INFO o.a.j.t.JMeterThread: Thread started: Users 1-5
2025-12-28 20:13:19,834 INFO o.a.j.t.JMeterThread: Thread is done: Users 1-5
2025-12-28 20:13:19,834 INFO o.a.j.t.JMeterThread: Thread finished: Users 1-5
2025-12-28 20:13:20,812 INFO o.a.j.t.JMeterThread: Thread started: Users 1-6
2025-12-28 20:13:20,829 INFO o.a.j.t.JMeterThread: Thread is done: Users 1-6
2025-12-28 20:13:20,829 INFO o.a.j.t.JMeterThread: Thread finished: Users 1-6
2025-12-28 20:13:21,811 INFO o.a.j.t.JMeterThread: Thread started: Users 1-7
2025-12-28 20:13:21,832 INFO o.a.j.t.JMeterThread: Thread is done: Users 1-7
2025-12-28 20:13:21,833 INFO o.a.j.t.JMeterThread: Thread finished: Users 1-7
2025-12-28 20:13:22,811 INFO o.a.j.t.JMeterThread: Thread started: Users 1-8
2025-12-28 20:13:22,836 INFO o.a.j.t.JMeterThread: Thread is done: Users 1-8
2025-12-28 20:13:22,836 INFO o.a.j.t.JMeterThread: Thread finished: Users 1-8
2025-12-28 20:13:23,063 INFO o.a.j.g.a.Start: Stopping test
2025-12-28 20:13:23,068 INFO o.a.j.t.JMeterThread: Stopping: Users 1-9
2025-12-28 20:13:23,069 INFO o.a.j.t.JMeterThread: Stopping: Users 1-10
2025-12-28 20:13:23,069 INFO o.a.j.t.JMeterThread: Thread started: Users 1-9
2025-12-28 20:13:23,069 INFO o.a.j.t.JMeterThread: Thread started: Users 1-10
2025-12-28 20:13:23,069 INFO o.a.j.t.JMeterThread: Thread finished: Users 1-9
2025-12-28 20:13:23,069 INFO o.a.j.t.JMeterThread: Thread finished: Users 1-10
2025-12-28 20:13:23,069 INFO o.a.j.e.StandardJMeterEngine: Notifying test listeners of end of test
2025-12-28 20:13:23,069 INFO o.a.j.g.u.JMeterMenuBar: setRunning(false, *local*)
2025-12-28 20:14:01,956 INFO o.a.j.e.StandardJMeterEngine: Running the test!
2025-12-28 20:14:01,957 INFO o.a.j.s.SampleEvent: List of sample_variables: []
2025-12-28 20:14:01,957 INFO o.a.j.g.u.JMeterMenuBar: setRunning(true, *local*)
2025-12-28 20:14:01,972 INFO o.a.j.e.StandardJMeterEngine: Starting ThreadGroup: 1 : Users
2025-12-28 20:14:01,972 INFO o.a.j.e.StandardJMeterEngine: Starting 10 threads for group Users.
2025-12-28 20:14:01,972 INFO o.a.j.e.StandardJMeterEngine: Thread will continue on error
2025-12-28 20:14:01,972 INFO o.a.j.t.ThreadGroup: Starting thread group... number=1 threads=10 ramp-up=10 delayedStart=false
2025-12-28 20:14:01,973 INFO o.a.j.t.JMeterThread: Thread started: Users 1-1
2025-12-28 20:14:01,974 INFO o.a.j.t.ThreadGroup: Started thread group number 1
2025-12-28 20:14:01,974 INFO o.a.j.e.StandardJMeterEngine: All thread groups have been started
2025-12-28 20:14:01,993 INFO o.a.j.t.JMeterThread: Thread is done: Users 1-1
2025-12-28 20:14:01,993 INFO o.a.j.t.JMeterThread: Thread finished: Users 1-1
2025-12-28 20:14:02,987 INFO o.a.j.t.JMeterThread: Thread started: Users 1-2
2025-12-28 20:14:03,010 INFO o.a.j.t.JMeterThread: Thread is done: Users 1-2
2025-12-28 20:14:03,010 INFO o.a.j.t.JMeterThread: Thread finished: Users 1-2
2025-12-28 20:14:03,972 INFO o.a.j.t.JMeterThread: Thread started: Users 1-3
2025-12-28 20:14:03,991 INFO o.a.j.t.JMeterThread: Thread is done: Users 1-3
2025-12-28 20:14:03,991 INFO o.a.j.t.JMeterThread: Thread finished: Users 1-3
2025-12-28 20:14:04,972 INFO o.a.j.t.JMeterThread: Thread started: Users 1-4
2025-12-28 20:14:04,994 INFO o.a.j.t.JMeterThread: Thread is done: Users 1-4
2025-12-28 20:14:04,994 INFO o.a.j.t.JMeterThread: Thread finished: Users 1-4
2025-12-28 20:14:05,973 INFO o.a.j.t.JMeterThread: Thread started: Users 1-5
2025-12-28 20:14:06,016 INFO o.a.j.t.JMeterThread: Thread is done: Users 1-5
2025-12-28 20:14:06,016 INFO o.a.j.t.JMeterThread: Thread finished: Users 1-5
2025-12-28 20:14:06,973 INFO o.a.j.t.JMeterThread: Thread started: Users 1-6
2025-12-28 20:14:06,991 INFO o.a.j.t.JMeterThread: Thread is done: Users 1-6
2025-12-28 20:14:06,991 INFO o.a.j.t.JMeterThread: Thread finished: Users 1-6
2025-12-28 20:14:07,973 INFO o.a.j.t.JMeterThread: Thread started: Users 1-7
2025-12-28 20:14:07,997 INFO o.a.j.t.JMeterThread: Thread is done: Users 1-7
2025-12-28 20:14:07,997 INFO o.a.j.t.JMeterThread: Thread finished: Users 1-7
2025-12-28 20:14:08,974 INFO o.a.j.t.JMeterThread: Thread started: Users 1-8
2025-12-28 20:14:08,992 INFO o.a.j.t.JMeterThread: Thread is done: Users 1-8
2025-12-28 20:14:08,992 INFO o.a.j.t.JMeterThread: Thread finished: Users 1-8
2025-12-28 20:14:09,973 INFO o.a.j.t.JMeterThread: Thread started: Users 1-9
2025-12-28 20:14:09,992 INFO o.a.j.t.JMeterThread: Thread is done: Users 1-9
2025-12-28 20:14:09,992 INFO o.a.j.t.JMeterThread: Thread finished: Users 1-9
2025-12-28 20:14:10,973 INFO o.a.j.t.JMeterThread: Thread started: Users 1-10
2025-12-28 20:14:10,992 INFO o.a.j.t.JMeterThread: Thread is done: Users 1-10
2025-12-28 20:14:10,992 INFO o.a.j.t.JMeterThread: Thread finished: Users 1-10
2025-12-28 20:14:10,992 INFO o.a.j.e.StandardJMeterEngine: Notifying test listeners of end of test
2025-12-28 20:14:10,992 INFO o.a.j.g.u.JMeterMenuBar: setRunning(false, *local*)
2025-12-28 20:14:24,177 INFO o.a.j.g.a.Load: Loading file: C:\Users\saifi\Desktop\CSE430\Jmeter\Test Plan.jmx
2025-12-28 20:14:24,178 INFO o.a.j.s.FileServer: Set new base='C:\Users\saifi\Desktop\CSE430\Jmeter'
2025-12-28 20:14:24,178 INFO o.a.j.s.SaveService: Loading file: C:\Users\saifi\Desktop\CSE430\Jmeter\Test Plan.jmx
2025-12-28 20:14:24,218 INFO o.a.j.s.FileServer: Set new base='C:\Users\saifi\Desktop\CSE430\Jmeter'
2025-12-28 20:14:30,418 INFO o.a.j.g.a.Load: Loading file: C:\Users\saifi\Desktop\CSE430\Jmeter\View Results in Table.jmx
2025-12-28 20:14:30,418 INFO o.a.j.s.FileServer: Set new base='C:\Users\saifi\Desktop\CSE430\Jmeter'
2025-12-28 20:14:30,418 INFO o.a.j.s.SaveService: Loading file: C:\Users\saifi\Desktop\CSE430\Jmeter\View Results in Table.jmx
2025-12-28 20:14:30,454 INFO o.a.j.s.FileServer: Set new base='C:\Users\saifi\Desktop\CSE430\Jmeter'
2025-12-28 20:14:32,335 INFO o.a.j.e.StandardJMeterEngine: Running the test!
2025-12-28 20:14:32,335 INFO o.a.j.s.SampleEvent: List of sample_variables: []
2025-12-28 20:14:32,336 INFO o.a.j.g.u.JMeterMenuBar: setRunning(true, *local*)
2025-12-28 20:14:32,352 INFO o.a.j.e.StandardJMeterEngine: Starting ThreadGroup: 1 : Users
2025-12-28 20:14:32,353 INFO o.a.j.e.StandardJMeterEngine: Starting 10 threads for group Users.
2025-12-28 20:14:32,353 INFO o.a.j.e.StandardJMeterEngine: Thread will continue on error
2025-12-28 20:14:32,353 INFO o.a.j.t.ThreadGroup: Starting thread group... number=1 threads=10 ramp-up=10 delayedStart=false
2025-12-28 20:14:32,353 INFO o.a.j.t.JMeterThread: Thread started: Users 1-1
2025-12-28 20:14:32,354 INFO o.a.j.t.ThreadGroup: Started thread group number 1
2025-12-28 20:14:32,354 INFO o.a.j.e.StandardJMeterEngine: All thread groups have been started
2025-12-28 20:14:33,358 INFO o.a.j.t.JMeterThread: Thread started: Users 1-2
2025-12-28 20:14:34,355 INFO o.a.j.t.JMeterThread: Thread started: Users 1-3
2025-12-28 20:14:35,194 INFO o.a.j.t.JMeterThread: Thread is done: Users 1-1
2025-12-28 20:14:35,194 INFO o.a.j.t.JMeterThread: Thread finished: Users 1-1
2025-12-28 20:14:35,354 INFO o.a.j.t.JMeterThread: Thread started: Users 1-4
2025-12-28 20:14:36,354 INFO o.a.j.t.JMeterThread: Thread started: Users 1-5
2025-12-28 20:14:37,354 INFO o.a.j.t.JMeterThread: Thread started: Users 1-6
2025-12-28 20:14:37,654 INFO o.a.j.t.JMeterThread: Thread is done: Users 1-2
2025-12-28 20:14:37,654 INFO o.a.j.t.JMeterThread: Thread finished: Users 1-2
2025-12-28 20:14:38,033 INFO o.a.j.t.JMeterThread: Thread is done: Users 1-3
2025-12-28 20:14:38,033 INFO o.a.j.t.JMeterThread: Thread finished: Users 1-3
2025-12-28 20:14:38,354 INFO o.a.j.t.JMeterThread: Thread started: Users 1-7
2025-12-28 20:14:38,819 INFO o.a.j.t.JMeterThread: Thread is done: Users 1-4
2025-12-28 20:14:38,819 INFO o.a.j.t.JMeterThread: Thread finished: Users 1-4
2025-12-28 20:14:38,944 INFO o.a.j.t.JMeterThread: Thread is done: Users 1-5
2025-12-28 20:14:38,944 INFO o.a.j.t.JMeterThread: Thread finished: Users 1-5
2025-12-28 20:14:39,353 INFO o.a.j.t.JMeterThread: Thread started: Users 1-8
2025-12-28 20:14:40,353 INFO o.a.j.t.JMeterThread: Thread started: Users 1-9
2025-12-28 20:14:41,140 INFO o.a.j.t.JMeterThread: Thread is done: Users 1-6
2025-12-28 20:14:41,140 INFO o.a.j.t.JMeterThread: Thread finished: Users 1-6
2025-12-28 20:14:41,353 INFO o.a.j.t.JMeterThread: Thread started: Users 1-10
2025-12-28 20:14:42,175 INFO o.a.j.t.JMeterThread: Thread is done: Users 1-7
2025-12-28 20:14:42,175 INFO o.a.j.t.JMeterThread: Thread finished: Users 1-7
2025-12-28 20:14:42,514 INFO o.a.j.t.JMeterThread: Thread is done: Users 1-8
2025-12-28 20:14:42,514 INFO o.a.j.t.JMeterThread: Thread finished: Users 1-8
2025-12-28 20:14:43,827 INFO o.a.j.t.JMeterThread: Thread is done: Users 1-9
2025-12-28 20:14:43,827 INFO o.a.j.t.JMeterThread: Thread finished: Users 1-9
2025-12-28 20:14:44,031 INFO o.a.j.t.JMeterThread: Thread is done: Users 1-10
2025-12-28 20:14:44,031 INFO o.a.j.t.JMeterThread: Thread finished: Users 1-10
2025-12-28 20:14:44,032 INFO o.a.j.e.StandardJMeterEngine: Notifying test listeners of end of test
2025-12-28 20:14:44,032 INFO o.a.j.g.u.JMeterMenuBar: setRunning(false, *local*)
2025-12-28 20:15:20,730 INFO o.a.j.s.FileServer: Set new base='C:\Users\saifi\Desktop\CSE430\Jmeter'
2025-12-28 20:15:24,790 INFO o.a.j.e.StandardJMeterEngine: Running the test!
2025-12-28 20:15:24,791 INFO o.a.j.s.SampleEvent: List of sample_variables: []
2025-12-28 20:15:24,791 INFO o.a.j.g.u.JMeterMenuBar: setRunning(true, *local*)
2025-12-28 20:15:24,808 INFO o.a.j.e.StandardJMeterEngine: Starting ThreadGroup: 1 : Users
2025-12-28 20:15:24,809 INFO o.a.j.e.StandardJMeterEngine: Starting 100 threads for group Users.
2025-12-28 20:15:24,809 INFO o.a.j.e.StandardJMeterEngine: Thread will continue on error
2025-12-28 20:15:24,809 INFO o.a.j.t.ThreadGroup: Starting thread group... number=1 threads=100 ramp-up=30 delayedStart=false
2025-12-28 20:15:24,809 INFO o.a.j.t.JMeterThread: Thread started: Users 1-1
2025-12-28 20:15:24,822 INFO o.a.j.t.ThreadGroup: Started thread group number 1
2025-12-28 20:15:24,822 INFO o.a.j.e.StandardJMeterEngine: All thread groups have been started
2025-12-28 20:15:25,112 INFO o.a.j.t.JMeterThread: Thread started: Users 1-2
2025-12-28 20:15:25,423 INFO o.a.j.t.JMeterThread: Thread started: Users 1-3
2025-12-28 20:15:25,722 INFO o.a.j.t.JMeterThread: Thread started: Users 1-4
2025-12-28 20:15:26,011 INFO o.a.j.t.JMeterThread: Thread started: Users 1-5
2025-12-28 20:15:26,310 INFO o.a.j.t.JMeterThread: Thread started: Users 1-6
2025-12-28 20:15:26,610 INFO o.a.j.t.JMeterThread: Thread started: Users 1-7
2025-12-28 20:15:26,911 INFO o.a.j.t.JMeterThread: Thread started: Users 1-8
2025-12-28 20:15:27,211 INFO o.a.j.t.JMeterThread: Thread started: Users 1-9
2025-12-28 20:15:27,511 INFO o.a.j.t.JMeterThread: Thread started: Users 1-10
2025-12-28 20:15:27,810 INFO o.a.j.t.JMeterThread: Thread started: Users 1-11
2025-12-28 20:15:28,110 INFO o.a.j.t.JMeterThread: Thread started: Users 1-12
2025-12-28 20:15:28,409 INFO o.a.j.t.JMeterThread: Thread started: Users 1-13
2025-12-28 20:15:28,710 INFO o.a.j.t.JMeterThread: Thread started: Users 1-14
2025-12-28 20:15:29,010 INFO o.a.j.t.JMeterThread: Thread started: Users 1-15
2025-12-28 20:15:29,310 INFO o.a.j.t.JMeterThread: Thread started: Users 1-16
2025-12-28 20:15:29,611 INFO o.a.j.t.JMeterThread: Thread started: Users 1-17
2025-12-28 20:15:29,911 INFO o.a.j.t.JMeterThread: Thread started: Users 1-18
2025-12-28 20:15:30,210 INFO o.a.j.t.JMeterThread: Thread started: Users 1-19
2025-12-28 20:15:30,510 INFO o.a.j.t.JMeterThread: Thread started: Users 1-20
2025-12-28 20:15:30,809 INFO o.a.j.t.JMeterThread: Thread started: Users 1-21
2025-12-28 20:15:31,110 INFO o.a.j.t.JMeterThread: Thread started: Users 1-22
2025-12-28 20:15:31,410 INFO o.a.j.t.JMeterThread: Thread started: Users 1-23
2025-12-28 20:15:31,709 INFO o.a.j.t.JMeterThread: Thread started: Users 1-24
2025-12-28 20:15:32,010 INFO o.a.j.t.JMeterThread: Thread started: Users 1-25
2025-12-28 20:15:32,309 INFO o.a.j.t.JMeterThread: Thread started: Users 1-26
2025-12-28 20:15:32,609 INFO o.a.j.t.JMeterThread: Thread started: Users 1-27
2025-12-28 20:15:32,911 INFO o.a.j.t.JMeterThread: Thread started: Users 1-28
2025-12-28 20:15:33,210 INFO o.a.j.t.JMeterThread: Thread started: Users 1-29
2025-12-28 20:15:33,510 INFO o.a.j.t.JMeterThread: Thread started: Users 1-30
2025-12-28 20:15:33,809 INFO o.a.j.t.JMeterThread: Thread started: Users 1-31
2025-12-28 20:15:34,109 INFO o.a.j.t.JMeterThread: Thread started: Users 1-32
2025-12-28 20:15:34,410 INFO o.a.j.t.JMeterThread: Thread started: Users 1-33
2025-12-28 20:15:34,710 INFO o.a.j.t.JMeterThread: Thread started: Users 1-34
2025-12-28 20:15:35,009 INFO o.a.j.t.JMeterThread: Thread started: Users 1-35
2025-12-28 20:15:35,309 INFO o.a.j.t.JMeterThread: Thread started: Users 1-36
2025-12-28 20:15:35,610 INFO o.a.j.t.JMeterThread: Thread started: Users 1-37
2025-12-28 20:15:35,910 INFO o.a.j.t.JMeterThread: Thread started: Users 1-38
2025-12-28 20:15:36,211 INFO o.a.j.t.JMeterThread: Thread started: Users 1-39
2025-12-28 20:15:36,511 INFO o.a.j.t.JMeterThread: Thread started: Users 1-40
2025-12-28 20:15:36,810 INFO o.a.j.t.JMeterThread: Thread started: Users 1-41
2025-12-28 20:15:37,110 INFO o.a.j.t.JMeterThread: Thread started: Users 1-42
2025-12-28 20:15:37,409 INFO o.a.j.t.JMeterThread: Thread started: Users 1-43
2025-12-28 20:15:37,709 INFO o.a.j.t.JMeterThread: Thread started: Users 1-44
2025-12-28 20:15:38,009 INFO o.a.j.t.JMeterThread: Thread started: Users 1-45
2025-12-28 20:15:38,309 INFO o.a.j.t.JMeterThread: Thread started: Users 1-46
2025-12-28 20:15:38,609 INFO o.a.j.t.JMeterThread: Thread started: Users 1-47
2025-12-28 20:15:38,910 INFO o.a.j.t.JMeterThread: Thread started: Users 1-48
2025-12-28 20:15:39,210 INFO o.a.j.t.JMeterThread: Thread started: Users 1-49
2025-12-28 20:15:39,510 INFO o.a.j.t.JMeterThread: Thread started: Users 1-50
2025-12-28 20:15:39,809 INFO o.a.j.t.JMeterThread: Thread started: Users 1-51
2025-12-28 20:15:40,109 INFO o.a.j.t.JMeterThread: Thread started: Users 1-52
2025-12-28 20:15:40,409 INFO o.a.j.t.JMeterThread: Thread started: Users 1-53
2025-12-28 20:15:40,709 INFO o.a.j.t.JMeterThread: Thread started: Users 1-54
2025-12-28 20:15:41,009 INFO o.a.j.t.JMeterThread: Thread started: Users 1-55
2025-12-28 20:15:41,318 INFO o.a.j.t.JMeterThread: Thread started: Users 1-56
2025-12-28 20:15:41,610 INFO o.a.j.t.JMeterThread: Thread started: Users 1-57
2025-12-28 20:15:41,921 INFO o.a.j.t.JMeterThread: Thread started: Users 1-58
2025-12-28 20:15:42,211 INFO o.a.j.t.JMeterThread: Thread started: Users 1-59
2025-12-28 20:15:42,510 INFO o.a.j.t.JMeterThread: Thread started: Users 1-60
2025-12-28 20:15:42,813 INFO o.a.j.t.JMeterThread: Thread started: Users 1-61
2025-12-28 20:15:43,109 INFO o.a.j.t.JMeterThread: Thread started: Users 1-62
2025-12-28 20:15:43,409 INFO o.a.j.t.JMeterThread: Thread started: Users 1-63
2025-12-28 20:15:43,711 INFO o.a.j.t.JMeterThread: Thread started: Users 1-64
2025-12-28 20:15:44,009 INFO o.a.j.t.JMeterThread: Thread started: Users 1-65
2025-12-28 20:15:44,310 INFO o.a.j.t.JMeterThread: Thread started: Users 1-66
2025-12-28 20:15:44,609 INFO o.a.j.t.JMeterThread: Thread started: Users 1-67
2025-12-28 20:15:44,909 INFO o.a.j.t.JMeterThread: Thread started: Users 1-68
2025-12-28 20:15:45,209 INFO o.a.j.t.JMeterThread: Thread started: Users 1-69
2025-12-28 20:15:45,511 INFO o.a.j.t.JMeterThread: Thread started: Users 1-70
2025-12-28 20:15:45,810 INFO o.a.j.t.JMeterThread: Thread started: Users 1-71
2025-12-28 20:15:46,110 INFO o.a.j.t.JMeterThread: Thread started: Users 1-72
2025-12-28 20:15:46,409 INFO o.a.j.t.JMeterThread: Thread started: Users 1-73
2025-12-28 20:15:46,710 INFO o.a.j.t.JMeterThread: Thread started: Users 1-74
2025-12-28 20:15:47,011 INFO o.a.j.t.JMeterThread: Thread started: Users 1-75
2025-12-28 20:15:47,310 INFO o.a.j.t.JMeterThread: Thread started: Users 1-76
2025-12-28 20:15:47,609 INFO o.a.j.t.JMeterThread: Thread started: Users 1-77
2025-12-28 20:15:47,909 INFO o.a.j.t.JMeterThread: Thread started: Users 1-78
2025-12-28 20:15:48,210 INFO o.a.j.t.JMeterThread: Thread started: Users 1-79
2025-12-28 20:15:48,510 INFO o.a.j.t.JMeterThread: Thread started: Users 1-80
2025-12-28 20:15:48,809 INFO o.a.j.t.JMeterThread: Thread started: Users 1-81
2025-12-28 20:15:49,110 INFO o.a.j.t.JMeterThread: Thread started: Users 1-82
2025-12-28 20:15:49,410 INFO o.a.j.t.JMeterThread: Thread started: Users 1-83
2025-12-28 20:15:49,710 INFO o.a.j.t.JMeterThread: Thread started: Users 1-84
2025-12-28 20:15:50,011 INFO o.a.j.t.JMeterThread: Thread started: Users 1-85
2025-12-28 20:15:50,310 INFO o.a.j.t.JMeterThread: Thread started: Users 1-86
2025-12-28 20:15:50,609 INFO o.a.j.t.JMeterThread: Thread started: Users 1-87
2025-12-28 20:15:50,910 INFO o.a.j.t.JMeterThread: Thread started: Users 1-88
2025-12-28 20:15:51,224 INFO o.a.j.t.JMeterThread: Thread started: Users 1-89
2025-12-28 20:15:51,511 INFO o.a.j.t.JMeterThread: Thread started: Users 1-90
2025-12-28 20:15:51,810 INFO o.a.j.t.JMeterThread: Thread started: Users 1-91
2025-12-28 20:15:52,109 INFO o.a.j.t.JMeterThread: Thread started: Users 1-92
2025-12-28 20:15:52,409 INFO o.a.j.t.JMeterThread: Thread started: Users 1-93
2025-12-28 20:15:52,709 INFO o.a.j.t.JMeterThread: Thread started: Users 1-94
2025-12-28 20:15:53,010 INFO o.a.j.t.JMeterThread: Thread started: Users 1-95
2025-12-28 20:15:53,310 INFO o.a.j.t.JMeterThread: Thread started: Users 1-96
2025-12-28 20:15:53,610 INFO o.a.j.t.JMeterThread: Thread started: Users 1-97
2025-12-28 20:15:53,910 INFO o.a.j.t.JMeterThread: Thread started: Users 1-98
2025-12-28 20:15:54,209 INFO o.a.j.t.JMeterThread: Thread started: Users 1-99
2025-12-28 20:15:54,509 INFO o.a.j.t.JMeterThread: Thread started: Users 1-100
2025-12-28 20:17:24,974 INFO o.a.j.t.JMeterThread: Stopping because end time detected by thread: Users 1-94
2025-12-28 20:17:24,974 INFO o.a.j.t.JMeterThread: Thread finished: Users 1-94
2025-12-28 20:17:26,067 INFO o.a.j.t.JMeterThread: Stopping because end time detected by thread: Users 1-71
2025-12-28 20:17:26,067 INFO o.a.j.t.JMeterThread: Thread finished: Users 1-71
2025-12-28 20:17:26,309 INFO o.a.j.t.JMeterThread: Stopping because end time detected by thread: Users 1-72
2025-12-28 20:17:26,309 INFO o.a.j.t.JMeterThread: Thread finished: Users 1-72
2025-12-28 20:17:27,239 INFO o.a.j.t.JMeterThread: Stopping because end time detected by thread: Users 1-75
2025-12-28 20:17:27,239 INFO o.a.j.t.JMeterThread: Thread finished: Users 1-75
2025-12-28 20:17:27,456 INFO o.a.j.t.JMeterThread: Stopping because end time detected by thread: Users 1-42
2025-12-28 20:17:27,456 INFO o.a.j.t.JMeterThread: Thread finished: Users 1-42
2025-12-28 20:17:29,491 INFO o.a.j.t.JMeterThread: Stopping because end time detected by thread: Users 1-86
2025-12-28 20:17:29,491 INFO o.a.j.t.JMeterThread: Thread finished: Users 1-86
2025-12-28 20:17:30,308 INFO o.a.j.t.JMeterThread: Stopping because end time detected by thread: Users 1-13
2025-12-28 20:17:30,308 INFO o.a.j.t.JMeterThread: Thread finished: Users 1-13
2025-12-28 20:17:30,323 INFO o.a.j.t.JMeterThread: Stopping because end time detected by thread: Users 1-19
2025-12-28 20:17:30,323 INFO o.a.j.t.JMeterThread: Thread finished: Users 1-19
2025-12-28 20:17:30,342 INFO o.a.j.t.JMeterThread: Stopping because end time detected by thread: Users 1-47
2025-12-28 20:17:30,342 INFO o.a.j.t.JMeterThread: Thread finished: Users 1-47
2025-12-28 20:17:30,357 INFO o.a.j.t.JMeterThread: Stopping because end time detected by thread: Users 1-67
2025-12-28 20:17:30,357 INFO o.a.j.t.JMeterThread: Thread finished: Users 1-67
2025-12-28 20:17:30,369 INFO o.a.j.t.JMeterThread: Stopping because end time detected by thread: Users 1-27
2025-12-28 20:17:30,369 INFO o.a.j.t.JMeterThread: Stopping because end time detected by thread: Users 1-65
2025-12-28 20:17:30,369 INFO o.a.j.t.JMeterThread: Thread finished: Users 1-27
2025-12-28 20:17:30,369 INFO o.a.j.t.JMeterThread: Thread finished: Users 1-65
2025-12-28 20:17:30,431 INFO o.a.j.t.JMeterThread: Stopping because end time detected by thread: Users 1-8
2025-12-28 20:17:30,431 INFO o.a.j.t.JMeterThread: Thread finished: Users 1-8
2025-12-28 20:17:31,341 INFO o.a.j.t.JMeterThread: Stopping because end time detected by thread: Users 1-53
2025-12-28 20:17:31,341 INFO o.a.j.t.JMeterThread: Thread finished: Users 1-53
2025-12-28 20:17:31,402 INFO o.a.j.t.JMeterThread: Stopping because end time detected by thread: Users 1-35
2025-12-28 20:17:31,402 INFO o.a.j.t.JMeterThread: Thread finished: Users 1-35
2025-12-28 20:17:31,445 INFO o.a.j.t.JMeterThread: Stopping because end time detected by thread: Users 1-45
2025-12-28 20:17:31,445 INFO o.a.j.t.JMeterThread: Thread finished: Users 1-45
2025-12-28 20:17:31,447 INFO o.a.j.t.JMeterThread: Stopping because end time detected by thread: Users 1-91
2025-12-28 20:17:31,447 INFO o.a.j.t.JMeterThread: Thread finished: Users 1-91
2025-12-28 20:17:31,462 INFO o.a.j.t.JMeterThread: Stopping because end time detected by thread: Users 1-51
2025-12-28 20:17:31,462 INFO o.a.j.t.JMeterThread: Thread finished: Users 1-51
2025-12-28 20:17:31,474 INFO o.a.j.t.JMeterThread: Stopping because end time detected by thread: Users 1-46
2025-12-28 20:17:31,475 INFO o.a.j.t.JMeterThread: Thread finished: Users 1-46
2025-12-28 20:17:31,476 INFO o.a.j.t.JMeterThread: Stopping because end time detected by thread: Users 1-60
2025-12-28 20:17:31,476 INFO o.a.j.t.JMeterThread: Thread finished: Users 1-60
2025-12-28 20:17:31,477 INFO o.a.j.t.JMeterThread: Stopping because end time detected by thread: Users 1-17
2025-12-28 20:17:31,477 INFO o.a.j.t.JMeterThread: Thread finished: Users 1-17
2025-12-28 20:17:31,480 INFO o.a.j.t.JMeterThread: Stopping because end time detected by thread: Users 1-34
2025-12-28 20:17:31,480 INFO o.a.j.t.JMeterThread: Thread finished: Users 1-34
2025-12-28 20:17:31,492 INFO o.a.j.t.JMeterThread: Stopping because end time detected by thread: Users 1-58
2025-12-28 20:17:31,492 INFO o.a.j.t.JMeterThread: Thread finished: Users 1-58
2025-12-28 20:17:31,495 INFO o.a.j.t.JMeterThread: Stopping because end time detected by thread: Users 1-85
2025-12-28 20:17:31,495 INFO o.a.j.t.JMeterThread: Thread finished: Users 1-85
2025-12-28 20:17:31,499 INFO o.a.j.t.JMeterThread: Stopping because end time detected by thread: Users 1-61
2025-12-28 20:17:31,499 INFO o.a.j.t.JMeterThread: Thread finished: Users 1-61
2025-12-28 20:17:32,236 INFO o.a.j.t.JMeterThread: Stopping because end time detected by thread: Users 1-52
2025-12-28 20:17:32,236 INFO o.a.j.t.JMeterThread: Thread finished: Users 1-52
2025-12-28 20:17:32,528 INFO o.a.j.t.JMeterThread: Stopping because end time detected by thread: Users 1-96
2025-12-28 20:17:32,528 INFO o.a.j.t.JMeterThread: Thread finished: Users 1-96
2025-12-28 20:17:32,548 INFO o.a.j.t.JMeterThread: Stopping because end time detected by thread: Users 1-76
2025-12-28 20:17:32,549 INFO o.a.j.t.JMeterThread: Thread finished: Users 1-76
2025-12-28 20:17:32,814 INFO o.a.j.t.JMeterThread: Stopping because end time detected by thread: Users 1-77
2025-12-28 20:17:32,814 INFO o.a.j.t.JMeterThread: Thread finished: Users 1-77
2025-12-28 20:17:33,094 INFO o.a.j.t.JMeterThread: Stopping because end time detected by thread: Users 1-78
2025-12-28 20:17:33,094 INFO o.a.j.t.JMeterThread: Thread finished: Users 1-78
2025-12-28 20:17:33,141 INFO o.a.j.t.JMeterThread: Stopping because end time detected by thread: Users 1-88
2025-12-28 20:17:33,141 INFO o.a.j.t.JMeterThread: Thread finished: Users 1-88
2025-12-28 20:17:33,174 INFO o.a.j.t.JMeterThread: Stopping because end time detected by thread: Users 1-98
2025-12-28 20:17:33,174 INFO o.a.j.t.JMeterThread: Thread finished: Users 1-98
2025-12-28 20:17:33,280 INFO o.a.j.t.JMeterThread: Stopping because end time detected by thread: Users 1-40
2025-12-28 20:17:33,280 INFO o.a.j.t.JMeterThread: Thread finished: Users 1-40
2025-12-28 20:17:33,342 INFO o.a.j.t.JMeterThread: Stopping because end time detected by thread: Users 1-39
2025-12-28 20:17:33,342 INFO o.a.j.t.JMeterThread: Thread finished: Users 1-39
2025-12-28 20:17:33,343 INFO o.a.j.t.JMeterThread: Stopping because end time detected by thread: Users 1-55
2025-12-28 20:17:33,343 INFO o.a.j.t.JMeterThread: Thread finished: Users 1-55
2025-12-28 20:17:33,346 INFO o.a.j.t.JMeterThread: Stopping because end time detected by thread: Users 1-29
2025-12-28 20:17:33,346 INFO o.a.j.t.JMeterThread: Thread finished: Users 1-29
2025-12-28 20:17:33,389 INFO o.a.j.t.JMeterThread: Stopping because end time detected by thread: Users 1-30
2025-12-28 20:17:33,389 INFO o.a.j.t.JMeterThread: Stopping because end time detected by thread: Users 1-33
2025-12-28 20:17:33,389 INFO o.a.j.t.JMeterThread: Thread finished: Users 1-30
2025-12-28 20:17:33,389 INFO o.a.j.t.JMeterThread: Thread finished: Users 1-33
2025-12-28 20:17:33,394 INFO o.a.j.t.JMeterThread: Stopping because end time detected by thread: Users 1-5
2025-12-28 20:17:33,394 INFO o.a.j.t.JMeterThread: Thread finished: Users 1-5
2025-12-28 20:17:33,395 INFO o.a.j.t.JMeterThread: Stopping because end time detected by thread: Users 1-49
2025-12-28 20:17:33,395 INFO o.a.j.t.JMeterThread: Thread finished: Users 1-49
2025-12-28 20:17:33,437 INFO o.a.j.t.JMeterThread: Stopping because end time detected by thread: Users 1-41
2025-12-28 20:17:33,437 INFO o.a.j.t.JMeterThread: Thread finished: Users 1-41
2025-12-28 20:17:33,444 INFO o.a.j.t.JMeterThread: Stopping because end time detected by thread: Users 1-31
2025-12-28 20:17:33,444 INFO o.a.j.t.JMeterThread: Thread finished: Users 1-31
2025-12-28 20:17:33,499 INFO o.a.j.t.JMeterThread: Stopping because end time detected by thread: Users 1-69
2025-12-28 20:17:33,499 INFO o.a.j.t.JMeterThread: Thread finished: Users 1-69
2025-12-28 20:17:33,707 INFO o.a.j.t.JMeterThread: Stopping because end time detected by thread: Users 1-100
2025-12-28 20:17:33,707 INFO o.a.j.t.JMeterThread: Thread finished: Users 1-100
2025-12-28 20:17:33,709 INFO o.a.j.t.JMeterThread: Stopping because end time detected by thread: Users 1-80
2025-12-28 20:17:33,709 INFO o.a.j.t.JMeterThread: Thread finished: Users 1-80
2025-12-28 20:17:33,766 INFO o.a.j.t.JMeterThread: Stopping because end time detected by thread: Users 1-70
2025-12-28 20:17:33,766 INFO o.a.j.t.JMeterThread: Thread finished: Users 1-70
2025-12-28 20:17:33,777 INFO o.a.j.t.JMeterThread: Stopping because end time detected by thread: Users 1-90
2025-12-28 20:17:33,777 INFO o.a.j.t.JMeterThread: Thread finished: Users 1-90
2025-12-28 20:17:34,052 INFO o.a.j.t.JMeterThread: Stopping because end time detected by thread: Users 1-81
2025-12-28 20:17:34,052 INFO o.a.j.t.JMeterThread: Thread finished: Users 1-81
2025-12-28 20:17:34,272 INFO o.a.j.t.JMeterThread: Stopping because end time detected by thread: Users 1-21
2025-12-28 20:17:34,272 INFO o.a.j.t.JMeterThread: Thread finished: Users 1-21
2025-12-28 20:17:34,490 INFO o.a.j.t.JMeterThread: Stopping because end time detected by thread: Users 1-14
2025-12-28 20:17:34,490 INFO o.a.j.t.JMeterThread: Thread finished: Users 1-14
2025-12-28 20:17:35,428 INFO o.a.j.t.JMeterThread: Stopping because end time detected by thread: Users 1-79
2025-12-28 20:17:35,428 INFO o.a.j.t.JMeterThread: Thread finished: Users 1-79
2025-12-28 20:17:35,839 INFO o.a.j.t.JMeterThread: Stopping because end time detected by thread: Users 1-87
2025-12-28 20:17:35,839 INFO o.a.j.t.JMeterThread: Thread finished: Users 1-87
2025-12-28 20:17:37,425 INFO o.a.j.t.JMeterThread: Stopping because end time detected by thread: Users 1-62
2025-12-28 20:17:37,425 INFO o.a.j.t.JMeterThread: Thread finished: Users 1-62
2025-12-28 20:17:38,393 INFO o.a.j.t.JMeterThread: Stopping because end time detected by thread: Users 1-25
2025-12-28 20:17:38,393 INFO o.a.j.t.JMeterThread: Thread finished: Users 1-25
2025-12-28 20:17:38,856 INFO o.a.j.t.JMeterThread: Stopping because end time detected by thread: Users 1-97
2025-12-28 20:17:38,856 INFO o.a.j.t.JMeterThread: Thread finished: Users 1-97
2025-12-28 20:17:39,360 INFO o.a.j.t.JMeterThread: Stopping because end time detected by thread: Users 1-56
2025-12-28 20:17:39,360 INFO o.a.j.t.JMeterThread: Thread finished: Users 1-56
2025-12-28 20:17:39,360 INFO o.a.j.t.JMeterThread: Stopping because end time detected by thread: Users 1-10
2025-12-28 20:17:39,360 INFO o.a.j.t.JMeterThread: Thread finished: Users 1-10
2025-12-28 20:17:39,364 INFO o.a.j.t.JMeterThread: Stopping because end time detected by thread: Users 1-36
2025-12-28 20:17:39,364 INFO o.a.j.t.JMeterThread: Thread finished: Users 1-36
2025-12-28 20:17:39,383 INFO o.a.j.t.JMeterThread: Stopping because end time detected by thread: Users 1-9
2025-12-28 20:17:39,383 INFO o.a.j.t.JMeterThread: Thread finished: Users 1-9
2025-12-28 20:17:39,385 INFO o.a.j.t.JMeterThread: Stopping because end time detected by thread: Users 1-54
2025-12-28 20:17:39,385 INFO o.a.j.t.JMeterThread: Thread finished: Users 1-54
2025-12-28 20:17:39,396 INFO o.a.j.t.JMeterThread: Stopping because end time detected by thread: Users 1-63
2025-12-28 20:17:39,396 INFO o.a.j.t.JMeterThread: Thread finished: Users 1-63
2025-12-28 20:17:39,397 INFO o.a.j.t.JMeterThread: Stopping because end time detected by thread: Users 1-38
2025-12-28 20:17:39,397 INFO o.a.j.t.JMeterThread: Thread finished: Users 1-38
2025-12-28 20:17:39,397 INFO o.a.j.t.JMeterThread: Stopping because end time detected by thread: Users 1-84
2025-12-28 20:17:39,397 INFO o.a.j.t.JMeterThread: Thread finished: Users 1-84
2025-12-28 20:17:39,400 INFO o.a.j.t.JMeterThread: Stopping because end time detected by thread: Users 1-57
2025-12-28 20:17:39,400 INFO o.a.j.t.JMeterThread: Thread finished: Users 1-57
2025-12-28 20:17:39,407 INFO o.a.j.t.JMeterThread: Stopping because end time detected by thread: Users 1-24
2025-12-28 20:17:39,407 INFO o.a.j.t.JMeterThread: Thread finished: Users 1-24
2025-12-28 20:17:39,415 INFO o.a.j.t.JMeterThread: Stopping because end time detected by thread: Users 1-2
2025-12-28 20:17:39,415 INFO o.a.j.t.JMeterThread: Thread finished: Users 1-2
2025-12-28 20:17:39,442 INFO o.a.j.t.JMeterThread: Stopping because end time detected by thread: Users 1-99
2025-12-28 20:17:39,442 INFO o.a.j.t.JMeterThread: Thread finished: Users 1-99
2025-12-28 20:17:39,453 INFO o.a.j.t.JMeterThread: Stopping because end time detected by thread: Users 1-92
2025-12-28 20:17:39,453 INFO o.a.j.t.JMeterThread: Thread finished: Users 1-92
2025-12-28 20:17:39,454 INFO o.a.j.t.JMeterThread: Stopping because end time detected by thread: Users 1-59
2025-12-28 20:17:39,454 INFO o.a.j.t.JMeterThread: Thread finished: Users 1-59
2025-12-28 20:17:39,454 INFO o.a.j.t.JMeterThread: Stopping because end time detected by thread: Users 1-15
2025-12-28 20:17:39,454 INFO o.a.j.t.JMeterThread: Thread finished: Users 1-15
2025-12-28 20:17:39,462 INFO o.a.j.t.JMeterThread: Stopping because end time detected by thread: Users 1-68
2025-12-28 20:17:39,462 INFO o.a.j.t.JMeterThread: Thread finished: Users 1-68
2025-12-28 20:17:39,472 INFO o.a.j.t.JMeterThread: Stopping because end time detected by thread: Users 1-12
2025-12-28 20:17:39,472 INFO o.a.j.t.JMeterThread: Thread finished: Users 1-12
2025-12-28 20:17:39,472 INFO o.a.j.t.JMeterThread: Stopping because end time detected by thread: Users 1-4
2025-12-28 20:17:39,472 INFO o.a.j.t.JMeterThread: Stopping because end time detected by thread: Users 1-50
2025-12-28 20:17:39,472 INFO o.a.j.t.JMeterThread: Thread finished: Users 1-4
2025-12-28 20:17:39,472 INFO o.a.j.t.JMeterThread: Thread finished: Users 1-50
2025-12-28 20:17:39,486 INFO o.a.j.t.JMeterThread: Stopping because end time detected by thread: Users 1-26
2025-12-28 20:17:39,486 INFO o.a.j.t.JMeterThread: Thread finished: Users 1-26
2025-12-28 20:17:39,486 INFO o.a.j.t.JMeterThread: Stopping because end time detected by thread: Users 1-7
2025-12-28 20:17:39,486 INFO o.a.j.t.JMeterThread: Thread finished: Users 1-7
2025-12-28 20:17:39,487 INFO o.a.j.t.JMeterThread: Stopping because end time detected by thread: Users 1-23
2025-12-28 20:17:39,487 INFO o.a.j.t.JMeterThread: Thread finished: Users 1-23
2025-12-28 20:17:39,489 INFO o.a.j.t.JMeterThread: Stopping because end time detected by thread: Users 1-22
2025-12-28 20:17:39,489 INFO o.a.j.t.JMeterThread: Thread finished: Users 1-22
2025-12-28 20:17:39,489 INFO o.a.j.t.JMeterThread: Stopping because end time detected by thread: Users 1-16
2025-12-28 20:17:39,489 INFO o.a.j.t.JMeterThread: Thread finished: Users 1-16
2025-12-28 20:17:39,489 INFO o.a.j.t.JMeterThread: Stopping because end time detected by thread: Users 1-66
2025-12-28 20:17:39,490 INFO o.a.j.t.JMeterThread: Thread finished: Users 1-66
2025-12-28 20:17:39,491 INFO o.a.j.t.JMeterThread: Stopping because end time detected by thread: Users 1-74
2025-12-28 20:17:39,491 INFO o.a.j.t.JMeterThread: Stopping because end time detected by thread: Users 1-11
2025-12-28 20:17:39,491 INFO o.a.j.t.JMeterThread: Thread finished: Users 1-74
2025-12-28 20:17:39,491 INFO o.a.j.t.JMeterThread: Thread finished: Users 1-11
2025-12-28 20:17:39,491 INFO o.a.j.t.JMeterThread: Stopping because end time detected by thread: Users 1-32
2025-12-28 20:17:39,491 INFO o.a.j.t.JMeterThread: Stopping because end time detected by thread: Users 1-37
2025-12-28 20:17:39,491 INFO o.a.j.t.JMeterThread: Thread finished: Users 1-32
2025-12-28 20:17:39,491 INFO o.a.j.t.JMeterThread: Thread finished: Users 1-37
2025-12-28 20:17:39,496 INFO o.a.j.t.JMeterThread: Stopping because end time detected by thread: Users 1-20
2025-12-28 20:17:39,496 INFO o.a.j.t.JMeterThread: Thread finished: Users 1-20
2025-12-28 20:17:39,503 INFO o.a.j.t.JMeterThread: Stopping because end time detected by thread: Users 1-43
2025-12-28 20:17:39,504 INFO o.a.j.t.JMeterThread: Thread finished: Users 1-43
2025-12-28 20:17:39,504 INFO o.a.j.t.JMeterThread: Stopping because end time detected by thread: Users 1-44
2025-12-28 20:17:39,504 INFO o.a.j.t.JMeterThread: Thread finished: Users 1-44
2025-12-28 20:17:39,504 INFO o.a.j.t.JMeterThread: Stopping because end time detected by thread: Users 1-6
2025-12-28 20:17:39,504 INFO o.a.j.t.JMeterThread: Thread finished: Users 1-6
2025-12-28 20:17:39,505 INFO o.a.j.t.JMeterThread: Stopping because end time detected by thread: Users 1-64
2025-12-28 20:17:39,505 INFO o.a.j.t.JMeterThread: Stopping because end time detected by thread: Users 1-93
2025-12-28 20:17:39,505 INFO o.a.j.t.JMeterThread: Thread finished: Users 1-64
2025-12-28 20:17:39,505 INFO o.a.j.t.JMeterThread: Thread finished: Users 1-93
2025-12-28 20:17:39,505 INFO o.a.j.t.JMeterThread: Stopping because end time detected by thread: Users 1-82
2025-12-28 20:17:39,505 INFO o.a.j.t.JMeterThread: Thread finished: Users 1-82
2025-12-28 20:17:39,506 INFO o.a.j.t.JMeterThread: Stopping because end time detected by thread: Users 1-28
2025-12-28 20:17:39,506 INFO o.a.j.t.JMeterThread: Thread finished: Users 1-28
2025-12-28 20:17:39,507 INFO o.a.j.t.JMeterThread: Stopping because end time detected by thread: Users 1-18
2025-12-28 20:17:39,507 INFO o.a.j.t.JMeterThread: Thread finished: Users 1-18
2025-12-28 20:17:39,507 INFO o.a.j.t.JMeterThread: Stopping because end time detected by thread: Users 1-89
2025-12-28 20:17:39,507 INFO o.a.j.t.JMeterThread: Thread finished: Users 1-89
2025-12-28 20:17:39,507 INFO o.a.j.t.JMeterThread: Stopping because end time detected by thread: Users 1-95
2025-12-28 20:17:39,507 INFO o.a.j.t.JMeterThread: Thread finished: Users 1-95
2025-12-28 20:17:39,508 INFO o.a.j.t.JMeterThread: Stopping because end time detected by thread: Users 1-3
2025-12-28 20:17:39,508 INFO o.a.j.t.JMeterThread: Thread finished: Users 1-3
2025-12-28 20:17:39,509 INFO o.a.j.t.JMeterThread: Stopping because end time detected by thread: Users 1-48
2025-12-28 20:17:39,509 INFO o.a.j.t.JMeterThread: Thread finished: Users 1-48
2025-12-28 20:17:39,511 INFO o.a.j.t.JMeterThread: Stopping because end time detected by thread: Users 1-83
2025-12-28 20:17:39,511 INFO o.a.j.t.JMeterThread: Thread finished: Users 1-83
2025-12-28 20:17:39,519 INFO o.a.j.t.JMeterThread: Stopping because end time detected by thread: Users 1-1
2025-12-28 20:17:39,520 INFO o.a.j.t.JMeterThread: Thread finished: Users 1-1
2025-12-28 20:17:39,534 INFO o.a.j.t.JMeterThread: Stopping because end time detected by thread: Users 1-73
2025-12-28 20:17:39,534 INFO o.a.j.t.JMeterThread: Thread finished: Users 1-73
2025-12-28 20:17:39,534 INFO o.a.j.e.StandardJMeterEngine: Notifying test listeners of end of test
2025-12-28 20:17:39,534 INFO o.a.j.g.u.JMeterMenuBar: setRunning(false, *local*)
2025-12-28 22:23:53,100 INFO o.a.j.s.FileServer: Set new base='C:\Users\saifi\Desktop\CSE430\Jmeter'
2025-12-28 22:23:57,494 INFO o.a.j.e.StandardJMeterEngine: Running the test!
2025-12-28 22:23:57,494 INFO o.a.j.s.SampleEvent: List of sample_variables: []
2025-12-28 22:23:57,495 INFO o.a.j.g.u.JMeterMenuBar: setRunning(true, *local*)
2025-12-28 22:23:57,518 INFO o.a.j.e.StandardJMeterEngine: Starting ThreadGroup: 1 : Thread Group
2025-12-28 22:23:57,518 INFO o.a.j.e.StandardJMeterEngine: Starting 5 threads for group Thread Group.
2025-12-28 22:23:57,518 INFO o.a.j.e.StandardJMeterEngine: Thread will continue on error
2025-12-28 22:23:57,518 INFO o.a.j.t.ThreadGroup: Starting thread group... number=1 threads=5 ramp-up=5 delayedStart=false
2025-12-28 22:23:57,519 INFO o.a.j.t.ThreadGroup: Started thread group number 1
2025-12-28 22:23:57,519 INFO o.a.j.t.JMeterThread: Thread started: Thread Group 1-1
2025-12-28 22:23:57,519 INFO o.a.j.e.StandardJMeterEngine: All thread groups have been started
2025-12-28 22:23:57,907 INFO o.a.j.p.h.s.h.LazyLayeredConnectionSocketFactory: Setting up HTTPS TrustAll Socket Factory
2025-12-28 22:23:57,909 INFO o.a.j.u.JsseSSLManager: Using default SSL protocol: TLS
2025-12-28 22:23:57,909 INFO o.a.j.u.JsseSSLManager: SSL session context: per-thread
2025-12-28 22:23:57,951 INFO o.a.j.u.SSLManager: JmeterKeyStore Location:  type JKS
2025-12-28 22:23:57,952 INFO o.a.j.u.SSLManager: KeyStore created OK
2025-12-28 22:23:57,952 WARN o.a.j.u.SSLManager: Keystore file not found, loading empty keystore
2025-12-28 22:23:58,528 INFO o.a.j.t.JMeterThread: Thread started: Thread Group 1-2
2025-12-28 22:23:59,257 INFO o.a.j.t.JMeterThread: Thread is done: Thread Group 1-1
2025-12-28 22:23:59,257 INFO o.a.j.t.JMeterThread: Thread finished: Thread Group 1-1
2025-12-28 22:23:59,336 INFO o.a.j.t.JMeterThread: Thread is done: Thread Group 1-2
2025-12-28 22:23:59,336 INFO o.a.j.t.JMeterThread: Thread finished: Thread Group 1-2
2025-12-28 22:23:59,526 INFO o.a.j.t.JMeterThread: Thread started: Thread Group 1-3
2025-12-28 22:24:00,328 INFO o.a.j.t.JMeterThread: Thread is done: Thread Group 1-3
2025-12-28 22:24:00,328 INFO o.a.j.t.JMeterThread: Thread finished: Thread Group 1-3
2025-12-28 22:24:00,519 INFO o.a.j.t.JMeterThread: Thread started: Thread Group 1-4
2025-12-28 22:24:01,320 INFO o.a.j.t.JMeterThread: Thread is done: Thread Group 1-4
2025-12-28 22:24:01,320 INFO o.a.j.t.JMeterThread: Thread finished: Thread Group 1-4
2025-12-28 22:24:01,518 INFO o.a.j.t.JMeterThread: Thread started: Thread Group 1-5
2025-12-28 22:24:02,322 INFO o.a.j.t.JMeterThread: Thread is done: Thread Group 1-5
2025-12-28 22:24:02,322 INFO o.a.j.t.JMeterThread: Thread finished: Thread Group 1-5
2025-12-28 22:24:02,322 INFO o.a.j.e.StandardJMeterEngine: Notifying test listeners of end of test
2025-12-28 22:24:02,322 INFO o.a.j.g.u.JMeterMenuBar: setRunning(false, *local*)
2025-12-28 22:26:10,850 INFO o.a.j.e.StandardJMeterEngine: Running the test!
2025-12-28 22:26:10,850 INFO o.a.j.s.SampleEvent: List of sample_variables: []
2025-12-28 22:26:10,851 INFO o.a.j.g.u.JMeterMenuBar: setRunning(true, *local*)
2025-12-28 22:26:10,877 INFO o.a.j.e.StandardJMeterEngine: Starting ThreadGroup: 1 : Thread Group
2025-12-28 22:26:10,878 INFO o.a.j.e.StandardJMeterEngine: Starting 5 threads for group Thread Group.
2025-12-28 22:26:10,878 INFO o.a.j.e.StandardJMeterEngine: Thread will continue on error
2025-12-28 22:26:10,878 INFO o.a.j.t.ThreadGroup: Starting thread group... number=1 threads=5 ramp-up=5 delayedStart=false
2025-12-28 22:26:10,879 INFO o.a.j.t.ThreadGroup: Started thread group number 1
2025-12-28 22:26:10,879 INFO o.a.j.e.StandardJMeterEngine: All thread groups have been started
2025-12-28 22:26:10,879 INFO o.a.j.t.JMeterThread: Thread started: Thread Group 1-1
2025-12-28 22:26:11,510 INFO o.a.j.t.JMeterThread: Thread is done: Thread Group 1-1
2025-12-28 22:26:11,510 INFO o.a.j.t.JMeterThread: Thread finished: Thread Group 1-1
2025-12-28 22:26:11,884 INFO o.a.j.t.JMeterThread: Thread started: Thread Group 1-2
2025-12-28 22:26:12,501 INFO o.a.j.t.JMeterThread: Thread is done: Thread Group 1-2
2025-12-28 22:26:12,501 INFO o.a.j.t.JMeterThread: Thread finished: Thread Group 1-2
2025-12-28 22:26:12,879 INFO o.a.j.t.JMeterThread: Thread started: Thread Group 1-3
2025-12-28 22:26:13,499 INFO o.a.j.t.JMeterThread: Thread is done: Thread Group 1-3
2025-12-28 22:26:13,499 INFO o.a.j.t.JMeterThread: Thread finished: Thread Group 1-3
2025-12-28 22:26:13,880 INFO o.a.j.t.JMeterThread: Thread started: Thread Group 1-4
2025-12-28 22:26:14,492 INFO o.a.j.t.JMeterThread: Thread is done: Thread Group 1-4
2025-12-28 22:26:14,492 INFO o.a.j.t.JMeterThread: Thread finished: Thread Group 1-4
2025-12-28 22:26:14,880 INFO o.a.j.t.JMeterThread: Thread started: Thread Group 1-5
2025-12-28 22:26:15,502 INFO o.a.j.t.JMeterThread: Thread is done: Thread Group 1-5
2025-12-28 22:26:15,502 INFO o.a.j.t.JMeterThread: Thread finished: Thread Group 1-5
2025-12-28 22:26:15,503 INFO o.a.j.e.StandardJMeterEngine: Notifying test listeners of end of test
2025-12-28 22:26:15,503 INFO o.a.j.g.u.JMeterMenuBar: setRunning(false, *local*)
2025-12-28 22:26:30,316 INFO o.a.j.g.a.Load: Loading file: C:\Users\saifi\Desktop\CSE430\Jmeter\Simulate Login using Fake Store API.jmx
2025-12-28 22:26:30,316 INFO o.a.j.s.FileServer: Set new base='C:\Users\saifi\Desktop\CSE430\Jmeter'
2025-12-28 22:26:30,316 INFO o.a.j.s.SaveService: Loading file: C:\Users\saifi\Desktop\CSE430\Jmeter\Simulate Login using Fake Store API.jmx
2025-12-28 22:26:30,356 INFO o.a.j.s.FileServer: Set new base='C:\Users\saifi\Desktop\CSE430\Jmeter'
2025-12-28 22:26:32,880 INFO o.a.j.e.StandardJMeterEngine: Running the test!
2025-12-28 22:26:32,880 INFO o.a.j.s.SampleEvent: List of sample_variables: []
2025-12-28 22:26:32,880 INFO o.a.j.g.u.JMeterMenuBar: setRunning(true, *local*)
2025-12-28 22:26:32,901 INFO o.a.j.e.StandardJMeterEngine: Starting ThreadGroup: 1 : Thread Group
2025-12-28 22:26:32,901 INFO o.a.j.e.StandardJMeterEngine: Starting 5 threads for group Thread Group.
2025-12-28 22:26:32,901 INFO o.a.j.e.StandardJMeterEngine: Thread will continue on error
2025-12-28 22:26:32,901 INFO o.a.j.t.ThreadGroup: Starting thread group... number=1 threads=5 ramp-up=5 delayedStart=false
2025-12-28 22:26:32,902 INFO o.a.j.t.ThreadGroup: Started thread group number 1
2025-12-28 22:26:32,902 INFO o.a.j.e.StandardJMeterEngine: All thread groups have been started
2025-12-28 22:26:32,902 INFO o.a.j.t.JMeterThread: Thread started: Thread Group 1-1
2025-12-28 22:26:33,527 INFO o.a.j.t.JMeterThread: Thread is done: Thread Group 1-1
2025-12-28 22:26:33,527 INFO o.a.j.t.JMeterThread: Thread finished: Thread Group 1-1
2025-12-28 22:26:33,903 INFO o.a.j.t.JMeterThread: Thread started: Thread Group 1-2
2025-12-28 22:26:34,525 INFO o.a.j.t.JMeterThread: Thread is done: Thread Group 1-2
2025-12-28 22:26:34,525 INFO o.a.j.t.JMeterThread: Thread finished: Thread Group 1-2
2025-12-28 22:26:34,901 INFO o.a.j.t.JMeterThread: Thread started: Thread Group 1-3
2025-12-28 22:26:35,519 INFO o.a.j.t.JMeterThread: Thread is done: Thread Group 1-3
2025-12-28 22:26:35,519 INFO o.a.j.t.JMeterThread: Thread finished: Thread Group 1-3
2025-12-28 22:26:35,901 INFO o.a.j.t.JMeterThread: Thread started: Thread Group 1-4
2025-12-28 22:26:36,542 INFO o.a.j.t.JMeterThread: Thread is done: Thread Group 1-4
2025-12-28 22:26:36,542 INFO o.a.j.t.JMeterThread: Thread finished: Thread Group 1-4
2025-12-28 22:26:36,901 INFO o.a.j.t.JMeterThread: Thread started: Thread Group 1-5
2025-12-28 22:26:37,553 INFO o.a.j.t.JMeterThread: Thread is done: Thread Group 1-5
2025-12-28 22:26:37,553 INFO o.a.j.t.JMeterThread: Thread finished: Thread Group 1-5
2025-12-28 22:26:37,553 INFO o.a.j.e.StandardJMeterEngine: Notifying test listeners of end of test
2025-12-28 22:26:37,553 INFO o.a.j.g.u.JMeterMenuBar: setRunning(false, *local*)
2025-12-28 22:30:46,408 INFO o.a.j.g.a.Load: Loading file: C:\Users\saifi\Desktop\CSE430\Jmeter\Simulate Login using Fake Store API.jmx
2025-12-28 22:30:46,408 INFO o.a.j.s.FileServer: Set new base='C:\Users\saifi\Desktop\CSE430\Jmeter'
2025-12-28 22:30:46,408 INFO o.a.j.s.SaveService: Loading file: C:\Users\saifi\Desktop\CSE430\Jmeter\Simulate Login using Fake Store API.jmx
2025-12-28 22:30:46,434 INFO o.a.j.s.FileServer: Set new base='C:\Users\saifi\Desktop\CSE430\Jmeter'
2025-12-28 22:30:48,026 INFO o.a.j.e.StandardJMeterEngine: Running the test!
2025-12-28 22:30:48,026 INFO o.a.j.s.SampleEvent: List of sample_variables: []
2025-12-28 22:30:48,026 INFO o.a.j.g.u.JMeterMenuBar: setRunning(true, *local*)
2025-12-28 22:30:48,047 INFO o.a.j.e.StandardJMeterEngine: Starting ThreadGroup: 1 : Thread Group
2025-12-28 22:30:48,047 INFO o.a.j.e.StandardJMeterEngine: Starting 5 threads for group Thread Group.
2025-12-28 22:30:48,047 INFO o.a.j.e.StandardJMeterEngine: Thread will continue on error
2025-12-28 22:30:48,047 INFO o.a.j.t.ThreadGroup: Starting thread group... number=1 threads=5 ramp-up=5 delayedStart=false
2025-12-28 22:30:48,048 INFO o.a.j.t.ThreadGroup: Started thread group number 1
2025-12-28 22:30:48,048 INFO o.a.j.e.StandardJMeterEngine: All thread groups have been started
2025-12-28 22:30:48,048 INFO o.a.j.t.JMeterThread: Thread started: Thread Group 1-1
2025-12-28 22:30:49,048 INFO o.a.j.t.JMeterThread: Thread started: Thread Group 1-2
2025-12-28 22:30:50,047 INFO o.a.j.t.JMeterThread: Thread started: Thread Group 1-3
2025-12-28 22:30:50,114 INFO o.a.j.t.JMeterThread: Thread is done: Thread Group 1-2
2025-12-28 22:30:50,114 INFO o.a.j.t.JMeterThread: Thread finished: Thread Group 1-2
2025-12-28 22:30:50,458 INFO o.a.j.t.JMeterThread: Thread is done: Thread Group 1-1
2025-12-28 22:30:50,458 INFO o.a.j.t.JMeterThread: Thread finished: Thread Group 1-1
2025-12-28 22:30:50,695 INFO o.a.j.t.JMeterThread: Thread is done: Thread Group 1-3
2025-12-28 22:30:50,695 INFO o.a.j.t.JMeterThread: Thread finished: Thread Group 1-3
2025-12-28 22:30:51,047 INFO o.a.j.t.JMeterThread: Thread started: Thread Group 1-4
2025-12-28 22:30:52,048 INFO o.a.j.t.JMeterThread: Thread started: Thread Group 1-5
2025-12-28 22:30:53,792 INFO o.a.j.t.JMeterThread: Thread is done: Thread Group 1-4
2025-12-28 22:30:53,792 INFO o.a.j.t.JMeterThread: Thread finished: Thread Group 1-4
2025-12-28 22:30:54,738 INFO o.a.j.t.JMeterThread: Thread is done: Thread Group 1-5
2025-12-28 22:30:54,738 INFO o.a.j.t.JMeterThread: Thread finished: Thread Group 1-5
2025-12-28 22:30:54,738 INFO o.a.j.e.StandardJMeterEngine: Notifying test listeners of end of test
2025-12-28 22:30:54,738 INFO o.a.j.g.u.JMeterMenuBar: setRunning(false, *local*)
2025-12-28 22:31:42,229 INFO o.a.j.g.a.Load: Loading file: C:\Users\saifi\Desktop\CSE430\Jmeter\Search Feature Parameterized Test.jmx
2025-12-28 22:31:42,229 INFO o.a.j.s.FileServer: Set new base='C:\Users\saifi\Desktop\CSE430\Jmeter'
2025-12-28 22:31:42,229 INFO o.a.j.s.SaveService: Loading file: C:\Users\saifi\Desktop\CSE430\Jmeter\Search Feature Parameterized Test.jmx
2025-12-28 22:31:42,295 INFO o.a.j.s.FileServer: Set new base='C:\Users\saifi\Desktop\CSE430\Jmeter'
2025-12-28 22:31:46,010 INFO o.a.j.e.StandardJMeterEngine: Running the test!
2025-12-28 22:31:46,010 INFO o.a.j.s.SampleEvent: List of sample_variables: []
2025-12-28 22:31:46,011 INFO o.a.j.g.u.JMeterMenuBar: setRunning(true, *local*)
2025-12-28 22:31:46,033 INFO o.a.j.e.StandardJMeterEngine: Starting ThreadGroup: 1 : Users
2025-12-28 22:31:46,033 INFO o.a.j.e.StandardJMeterEngine: Starting 3 threads for group Users.
2025-12-28 22:31:46,033 INFO o.a.j.e.StandardJMeterEngine: Thread will continue on error
2025-12-28 22:31:46,033 INFO o.a.j.t.ThreadGroup: Starting thread group... number=1 threads=3 ramp-up=3 delayedStart=false
2025-12-28 22:31:46,034 INFO o.a.j.t.ThreadGroup: Started thread group number 1
2025-12-28 22:31:46,034 INFO o.a.j.e.StandardJMeterEngine: All thread groups have been started
2025-12-28 22:31:46,038 INFO o.a.j.t.JMeterThread: Thread started: Users 1-1
2025-12-28 22:31:46,039 INFO o.a.j.s.FileServer: Stored: C:/Users/saifi/Desktop/CSE430/Jmeter/apache-jmeter-5.6.3/bin/keywords.csv
2025-12-28 22:31:47,050 INFO o.a.j.t.JMeterThread: Thread started: Users 1-2
2025-12-28 22:31:48,039 INFO o.a.j.t.JMeterThread: Thread started: Users 1-3
2025-12-28 22:31:48,153 INFO o.a.j.t.JMeterThread: Thread is done: Users 1-1
2025-12-28 22:31:48,153 INFO o.a.j.t.JMeterThread: Thread finished: Users 1-1
2025-12-28 22:31:48,222 INFO o.a.j.t.JMeterThread: Thread is done: Users 1-2
2025-12-28 22:31:48,222 INFO o.a.j.t.JMeterThread: Thread finished: Users 1-2
2025-12-28 22:31:49,374 INFO o.a.j.t.JMeterThread: Thread is done: Users 1-3
2025-12-28 22:31:49,374 INFO o.a.j.t.JMeterThread: Thread finished: Users 1-3
2025-12-28 22:31:49,374 INFO o.a.j.e.StandardJMeterEngine: Notifying test listeners of end of test
2025-12-28 22:31:49,374 INFO o.a.j.s.FileServer: Close: C:/Users/saifi/Desktop/CSE430/Jmeter/apache-jmeter-5.6.3/bin/keywords.csv
2025-12-28 22:31:49,375 INFO o.a.j.g.u.JMeterMenuBar: setRunning(false, *local*)
2025-12-28 22:35:06,944 INFO o.a.j.g.a.Load: Loading file: C:\Users\saifi\Desktop\CSE430\Jmeter\Simulate Login using Fake Store API.jmx
2025-12-28 22:35:06,944 INFO o.a.j.s.FileServer: Set new base='C:\Users\saifi\Desktop\CSE430\Jmeter'
2025-12-28 22:35:06,944 INFO o.a.j.s.SaveService: Loading file: C:\Users\saifi\Desktop\CSE430\Jmeter\Simulate Login using Fake Store API.jmx
2025-12-28 22:35:06,968 INFO o.a.j.s.FileServer: Set new base='C:\Users\saifi\Desktop\CSE430\Jmeter'
2025-12-28 22:35:08,651 INFO o.a.j.e.StandardJMeterEngine: Running the test!
2025-12-28 22:35:08,651 INFO o.a.j.s.SampleEvent: List of sample_variables: []
2025-12-28 22:35:08,651 INFO o.a.j.g.u.JMeterMenuBar: setRunning(true, *local*)
2025-12-28 22:35:08,677 INFO o.a.j.e.StandardJMeterEngine: Starting ThreadGroup: 1 : Thread Group
2025-12-28 22:35:08,677 INFO o.a.j.e.StandardJMeterEngine: Starting 5 threads for group Thread Group.
2025-12-28 22:35:08,677 INFO o.a.j.e.StandardJMeterEngine: Thread will continue on error
2025-12-28 22:35:08,677 INFO o.a.j.t.ThreadGroup: Starting thread group... number=1 threads=5 ramp-up=5 delayedStart=false
2025-12-28 22:35:08,678 INFO o.a.j.t.ThreadGroup: Started thread group number 1
2025-12-28 22:35:08,678 INFO o.a.j.e.StandardJMeterEngine: All thread groups have been started
2025-12-28 22:35:08,678 INFO o.a.j.t.JMeterThread: Thread started: Thread Group 1-1
2025-12-28 22:35:09,693 INFO o.a.j.t.JMeterThread: Thread started: Thread Group 1-2
2025-12-28 22:35:10,679 INFO o.a.j.t.JMeterThread: Thread started: Thread Group 1-3
2025-12-28 22:35:10,936 INFO o.a.j.t.JMeterThread: Thread is done: Thread Group 1-1
2025-12-28 22:35:10,936 INFO o.a.j.t.JMeterThread: Thread finished: Thread Group 1-1
2025-12-28 22:35:11,273 INFO o.a.j.t.JMeterThread: Thread is done: Thread Group 1-2
2025-12-28 22:35:11,273 INFO o.a.j.t.JMeterThread: Thread finished: Thread Group 1-2
2025-12-28 22:35:11,677 INFO o.a.j.t.JMeterThread: Thread started: Thread Group 1-4
2025-12-28 22:35:11,900 INFO o.a.j.t.JMeterThread: Thread is done: Thread Group 1-3
2025-12-28 22:35:11,900 INFO o.a.j.t.JMeterThread: Thread finished: Thread Group 1-3
2025-12-28 22:35:12,678 INFO o.a.j.t.JMeterThread: Thread started: Thread Group 1-5
2025-12-28 22:35:15,585 INFO o.a.j.t.JMeterThread: Thread is done: Thread Group 1-5
2025-12-28 22:35:15,585 INFO o.a.j.t.JMeterThread: Thread finished: Thread Group 1-5
2025-12-28 22:35:15,615 INFO o.a.j.t.JMeterThread: Thread is done: Thread Group 1-4
2025-12-28 22:35:15,615 INFO o.a.j.t.JMeterThread: Thread finished: Thread Group 1-4
2025-12-28 22:35:15,615 INFO o.a.j.e.StandardJMeterEngine: Notifying test listeners of end of test
2025-12-28 22:35:15,616 INFO o.a.j.g.u.JMeterMenuBar: setRunning(false, *local*)
2025-12-28 22:37:57,956 INFO o.a.j.g.a.Load: Loading file: C:\Users\saifi\Desktop\CSE430\Jmeter\Stress Test with High Load.jmx
2025-12-28 22:37:57,956 INFO o.a.j.s.FileServer: Set new base='C:\Users\saifi\Desktop\CSE430\Jmeter'
2025-12-28 22:37:57,956 INFO o.a.j.s.SaveService: Loading file: C:\Users\saifi\Desktop\CSE430\Jmeter\Stress Test with High Load.jmx
2025-12-28 22:37:57,980 INFO o.a.j.s.FileServer: Set new base='C:\Users\saifi\Desktop\CSE430\Jmeter'
2025-12-28 23:00:23,186 INFO o.a.j.e.StandardJMeterEngine: Running the test!
2025-12-28 23:00:23,186 INFO o.a.j.s.SampleEvent: List of sample_variables: []
2025-12-28 23:00:23,186 INFO o.a.j.g.u.JMeterMenuBar: setRunning(true, *local*)
2025-12-28 23:00:23,210 INFO o.a.j.e.StandardJMeterEngine: Starting ThreadGroup: 1 : Users
2025-12-28 23:00:23,210 INFO o.a.j.e.StandardJMeterEngine: Starting 100 threads for group Users.
2025-12-28 23:00:23,210 INFO o.a.j.e.StandardJMeterEngine: Thread will continue on error
2025-12-28 23:00:23,210 INFO o.a.j.t.ThreadGroup: Starting thread group... number=1 threads=100 ramp-up=30 delayedStart=false
2025-12-28 23:00:23,211 INFO o.a.j.t.JMeterThread: Thread started: Users 1-1
2025-12-28 23:00:23,221 INFO o.a.j.t.ThreadGroup: Started thread group number 1
2025-12-28 23:00:23,221 INFO o.a.j.e.StandardJMeterEngine: All thread groups have been started
2025-12-28 23:00:23,521 INFO o.a.j.t.JMeterThread: Thread started: Users 1-2
2025-12-28 23:00:23,818 INFO o.a.j.t.JMeterThread: Thread started: Users 1-3
2025-12-28 23:00:24,118 INFO o.a.j.t.JMeterThread: Thread started: Users 1-4
2025-12-28 23:00:24,413 INFO o.a.j.t.JMeterThread: Thread started: Users 1-5
2025-12-28 23:00:24,710 INFO o.a.j.t.JMeterThread: Thread started: Users 1-6
2025-12-28 23:00:25,010 INFO o.a.j.t.JMeterThread: Thread started: Users 1-7
2025-12-28 23:00:25,310 INFO o.a.j.t.JMeterThread: Thread started: Users 1-8
2025-12-28 23:00:25,610 INFO o.a.j.t.JMeterThread: Thread started: Users 1-9
2025-12-28 23:00:25,911 INFO o.a.j.t.JMeterThread: Thread started: Users 1-10
2025-12-28 23:00:26,210 INFO o.a.j.t.JMeterThread: Thread started: Users 1-11
2025-12-28 23:00:26,511 INFO o.a.j.t.JMeterThread: Thread started: Users 1-12
2025-12-28 23:00:26,811 INFO o.a.j.t.JMeterThread: Thread started: Users 1-13
2025-12-28 23:00:27,112 INFO o.a.j.t.JMeterThread: Thread started: Users 1-14
2025-12-28 23:00:27,411 INFO o.a.j.t.JMeterThread: Thread started: Users 1-15
2025-12-28 23:00:27,711 INFO o.a.j.t.JMeterThread: Thread started: Users 1-16
2025-12-28 23:00:28,011 INFO o.a.j.t.JMeterThread: Thread started: Users 1-17
2025-12-28 23:00:28,310 INFO o.a.j.t.JMeterThread: Thread started: Users 1-18
2025-12-28 23:00:28,611 INFO o.a.j.t.JMeterThread: Thread started: Users 1-19
2025-12-28 23:00:28,910 INFO o.a.j.t.JMeterThread: Thread started: Users 1-20
2025-12-28 23:00:29,210 INFO o.a.j.t.JMeterThread: Thread started: Users 1-21
2025-12-28 23:00:29,510 INFO o.a.j.t.JMeterThread: Thread started: Users 1-22
2025-12-28 23:00:29,810 INFO o.a.j.t.JMeterThread: Thread started: Users 1-23
2025-12-28 23:00:30,110 INFO o.a.j.t.JMeterThread: Thread started: Users 1-24
2025-12-28 23:00:30,412 INFO o.a.j.t.JMeterThread: Thread started: Users 1-25
2025-12-28 23:00:30,712 INFO o.a.j.t.JMeterThread: Thread started: Users 1-26
2025-12-28 23:00:31,012 INFO o.a.j.t.JMeterThread: Thread started: Users 1-27
2025-12-28 23:00:31,311 INFO o.a.j.t.JMeterThread: Thread started: Users 1-28
2025-12-28 23:00:31,611 INFO o.a.j.t.JMeterThread: Thread started: Users 1-29
2025-12-28 23:00:31,910 INFO o.a.j.t.JMeterThread: Thread started: Users 1-30
2025-12-28 23:00:32,211 INFO o.a.j.t.JMeterThread: Thread started: Users 1-31
2025-12-28 23:00:32,510 INFO o.a.j.t.JMeterThread: Thread started: Users 1-32
2025-12-28 23:00:32,810 INFO o.a.j.t.JMeterThread: Thread started: Users 1-33
2025-12-28 23:00:33,111 INFO o.a.j.t.JMeterThread: Thread started: Users 1-34
2025-12-28 23:00:33,410 INFO o.a.j.t.JMeterThread: Thread started: Users 1-35
2025-12-28 23:00:33,710 INFO o.a.j.t.JMeterThread: Thread started: Users 1-36
2025-12-28 23:00:34,011 INFO o.a.j.t.JMeterThread: Thread started: Users 1-37
2025-12-28 23:00:34,310 INFO o.a.j.t.JMeterThread: Thread started: Users 1-38
2025-12-28 23:00:34,611 INFO o.a.j.t.JMeterThread: Thread started: Users 1-39
2025-12-28 23:00:34,911 INFO o.a.j.t.JMeterThread: Thread started: Users 1-40
2025-12-28 23:00:35,210 INFO o.a.j.t.JMeterThread: Thread started: Users 1-41
2025-12-28 23:00:35,514 INFO o.a.j.t.JMeterThread: Thread started: Users 1-42
2025-12-28 23:00:35,810 INFO o.a.j.t.JMeterThread: Thread started: Users 1-43
2025-12-28 23:00:36,120 INFO o.a.j.t.JMeterThread: Thread started: Users 1-44
2025-12-28 23:00:36,411 INFO o.a.j.t.JMeterThread: Thread started: Users 1-45
2025-12-28 23:00:36,711 INFO o.a.j.t.JMeterThread: Thread started: Users 1-46
2025-12-28 23:00:37,010 INFO o.a.j.t.JMeterThread: Thread started: Users 1-47
2025-12-28 23:00:37,310 INFO o.a.j.t.JMeterThread: Thread started: Users 1-48
2025-12-28 23:00:37,611 INFO o.a.j.t.JMeterThread: Thread started: Users 1-49
2025-12-28 23:00:37,912 INFO o.a.j.t.JMeterThread: Thread started: Users 1-50
2025-12-28 23:00:38,211 INFO o.a.j.t.JMeterThread: Thread started: Users 1-51
2025-12-28 23:00:38,511 INFO o.a.j.t.JMeterThread: Thread started: Users 1-52
2025-12-28 23:00:38,811 INFO o.a.j.t.JMeterThread: Thread started: Users 1-53
2025-12-28 23:00:39,111 INFO o.a.j.t.JMeterThread: Thread started: Users 1-54
2025-12-28 23:00:39,410 INFO o.a.j.t.JMeterThread: Thread started: Users 1-55
2025-12-28 23:00:39,710 INFO o.a.j.t.JMeterThread: Thread started: Users 1-56
2025-12-28 23:00:40,011 INFO o.a.j.t.JMeterThread: Thread started: Users 1-57
2025-12-28 23:00:40,311 INFO o.a.j.t.JMeterThread: Thread started: Users 1-58
2025-12-28 23:00:40,610 INFO o.a.j.t.JMeterThread: Thread started: Users 1-59
2025-12-28 23:00:40,911 INFO o.a.j.t.JMeterThread: Thread started: Users 1-60
2025-12-28 23:00:41,212 INFO o.a.j.t.JMeterThread: Thread started: Users 1-61
2025-12-28 23:00:41,512 INFO o.a.j.t.JMeterThread: Thread started: Users 1-62
2025-12-28 23:00:41,811 INFO o.a.j.t.JMeterThread: Thread started: Users 1-63
2025-12-28 23:00:42,111 INFO o.a.j.t.JMeterThread: Thread started: Users 1-64
2025-12-28 23:00:42,410 INFO o.a.j.t.JMeterThread: Thread started: Users 1-65
2025-12-28 23:00:42,710 INFO o.a.j.t.JMeterThread: Thread started: Users 1-66
2025-12-28 23:00:43,010 INFO o.a.j.t.JMeterThread: Thread started: Users 1-67
2025-12-28 23:00:43,310 INFO o.a.j.t.JMeterThread: Thread started: Users 1-68
2025-12-28 23:00:43,611 INFO o.a.j.t.JMeterThread: Thread started: Users 1-69
2025-12-28 23:00:43,925 INFO o.a.j.t.JMeterThread: Thread started: Users 1-70
2025-12-28 23:00:44,212 INFO o.a.j.t.JMeterThread: Thread started: Users 1-71
2025-12-28 23:00:44,512 INFO o.a.j.t.JMeterThread: Thread started: Users 1-72
2025-12-28 23:00:44,812 INFO o.a.j.t.JMeterThread: Thread started: Users 1-73
2025-12-28 23:00:45,110 INFO o.a.j.t.JMeterThread: Thread started: Users 1-74
2025-12-28 23:00:45,411 INFO o.a.j.t.JMeterThread: Thread started: Users 1-75
2025-12-28 23:00:45,710 INFO o.a.j.t.JMeterThread: Thread started: Users 1-76
2025-12-28 23:00:46,011 INFO o.a.j.t.JMeterThread: Thread started: Users 1-77
2025-12-28 23:00:46,311 INFO o.a.j.t.JMeterThread: Thread started: Users 1-78
2025-12-28 23:00:46,611 INFO o.a.j.t.JMeterThread: Thread started: Users 1-79
2025-12-28 23:00:46,911 INFO o.a.j.t.JMeterThread: Thread started: Users 1-80
2025-12-28 23:00:47,211 INFO o.a.j.t.JMeterThread: Thread started: Users 1-81
2025-12-28 23:00:47,511 INFO o.a.j.t.JMeterThread: Thread started: Users 1-82
2025-12-28 23:00:47,811 INFO o.a.j.t.JMeterThread: Thread started: Users 1-83
2025-12-28 23:00:48,110 INFO o.a.j.t.JMeterThread: Thread started: Users 1-84
2025-12-28 23:00:48,411 INFO o.a.j.t.JMeterThread: Thread started: Users 1-85
2025-12-28 23:00:48,710 INFO o.a.j.t.JMeterThread: Thread started: Users 1-86
2025-12-28 23:00:49,010 INFO o.a.j.t.JMeterThread: Thread started: Users 1-87
2025-12-28 23:00:49,310 INFO o.a.j.t.JMeterThread: Thread started: Users 1-88
2025-12-28 23:00:49,611 INFO o.a.j.t.JMeterThread: Thread started: Users 1-89
2025-12-28 23:00:49,911 INFO o.a.j.t.JMeterThread: Thread started: Users 1-90
2025-12-28 23:00:50,210 INFO o.a.j.t.JMeterThread: Thread started: Users 1-91
2025-12-28 23:00:50,511 INFO o.a.j.t.JMeterThread: Thread started: Users 1-92
2025-12-28 23:00:50,810 INFO o.a.j.t.JMeterThread: Thread started: Users 1-93
2025-12-28 23:00:51,110 INFO o.a.j.t.JMeterThread: Thread started: Users 1-94
2025-12-28 23:00:51,410 INFO o.a.j.t.JMeterThread: Thread started: Users 1-95
2025-12-28 23:00:51,712 INFO o.a.j.t.JMeterThread: Thread started: Users 1-96
2025-12-28 23:00:52,011 INFO o.a.j.t.JMeterThread: Thread started: Users 1-97
2025-12-28 23:00:52,311 INFO o.a.j.t.JMeterThread: Thread started: Users 1-98
2025-12-28 23:00:52,611 INFO o.a.j.t.JMeterThread: Thread started: Users 1-99
2025-12-28 23:00:52,924 INFO o.a.j.t.JMeterThread: Thread started: Users 1-100
2025-12-28 23:02:23,213 INFO o.a.j.t.JMeterThread: Stopping because end time detected by thread: Users 1-6
2025-12-28 23:02:23,214 INFO o.a.j.t.JMeterThread: Thread finished: Users 1-6
2025-12-28 23:02:23,215 INFO o.a.j.t.JMeterThread: Stopping because end time detected by thread: Users 1-48
2025-12-28 23:02:23,215 INFO o.a.j.t.JMeterThread: Thread finished: Users 1-48
2025-12-28 23:02:23,215 INFO o.a.j.t.JMeterThread: Stopping because end time detected by thread: Users 1-31
2025-12-28 23:02:23,215 INFO o.a.j.t.JMeterThread: Thread finished: Users 1-31
2025-12-28 23:02:23,215 INFO o.a.j.t.JMeterThread: Stopping because end time detected by thread: Users 1-49
2025-12-28 23:02:23,215 INFO o.a.j.t.JMeterThread: Stopping because end time detected by thread: Users 1-25
2025-12-28 23:02:23,215 INFO o.a.j.t.JMeterThread: Thread finished: Users 1-49
2025-12-28 23:02:23,215 INFO o.a.j.t.JMeterThread: Thread finished: Users 1-25
2025-12-28 23:02:23,220 INFO o.a.j.t.JMeterThread: Stopping because end time detected by thread: Users 1-89
2025-12-28 23:02:23,220 INFO o.a.j.t.JMeterThread: Thread finished: Users 1-89
2025-12-28 23:02:23,221 INFO o.a.j.t.JMeterThread: Stopping because end time detected by thread: Users 1-81
2025-12-28 23:02:23,221 INFO o.a.j.t.JMeterThread: Thread finished: Users 1-81
2025-12-28 23:02:23,221 INFO o.a.j.t.JMeterThread: Stopping because end time detected by thread: Users 1-76
2025-12-28 23:02:23,221 INFO o.a.j.t.JMeterThread: Stopping because end time detected by thread: Users 1-94
2025-12-28 23:02:23,221 INFO o.a.j.t.JMeterThread: Stopping because end time detected by thread: Users 1-95
2025-12-28 23:02:23,221 INFO o.a.j.t.JMeterThread: Stopping because end time detected by thread: Users 1-80
2025-12-28 23:02:23,221 INFO o.a.j.t.JMeterThread: Stopping because end time detected by thread: Users 1-83
2025-12-28 23:02:23,221 INFO o.a.j.t.JMeterThread: Thread finished: Users 1-76
2025-12-28 23:02:23,221 INFO o.a.j.t.JMeterThread: Thread finished: Users 1-83
2025-12-28 23:02:23,221 INFO o.a.j.t.JMeterThread: Thread finished: Users 1-80
2025-12-28 23:02:23,221 INFO o.a.j.t.JMeterThread: Thread finished: Users 1-95
2025-12-28 23:02:23,221 INFO o.a.j.t.JMeterThread: Thread finished: Users 1-94
2025-12-28 23:02:27,865 INFO o.a.j.t.JMeterThread: Stopping because end time detected by thread: Users 1-16
2025-12-28 23:02:27,865 INFO o.a.j.t.JMeterThread: Thread finished: Users 1-16
2025-12-28 23:02:27,944 INFO o.a.j.t.JMeterThread: Stopping because end time detected by thread: Users 1-8
2025-12-28 23:02:27,944 INFO o.a.j.t.JMeterThread: Thread finished: Users 1-8
2025-12-28 23:02:27,960 INFO o.a.j.t.JMeterThread: Stopping because end time detected by thread: Users 1-28
2025-12-28 23:02:27,960 INFO o.a.j.t.JMeterThread: Stopping because end time detected by thread: Users 1-22
2025-12-28 23:02:27,960 INFO o.a.j.t.JMeterThread: Stopping because end time detected by thread: Users 1-51
2025-12-28 23:02:27,960 INFO o.a.j.t.JMeterThread: Thread finished: Users 1-22
2025-12-28 23:02:27,960 INFO o.a.j.t.JMeterThread: Thread finished: Users 1-51
2025-12-28 23:02:27,960 INFO o.a.j.t.JMeterThread: Thread finished: Users 1-28
2025-12-28 23:02:27,977 INFO o.a.j.t.JMeterThread: Stopping because end time detected by thread: Users 1-40
2025-12-28 23:02:27,977 INFO o.a.j.t.JMeterThread: Thread finished: Users 1-40
2025-12-28 23:02:28,005 INFO o.a.j.t.JMeterThread: Stopping because end time detected by thread: Users 1-58
2025-12-28 23:02:28,005 INFO o.a.j.t.JMeterThread: Thread finished: Users 1-58
2025-12-28 23:02:28,536 INFO o.a.j.t.JMeterThread: Stopping because end time detected by thread: Users 1-68
2025-12-28 23:02:28,536 INFO o.a.j.t.JMeterThread: Thread finished: Users 1-68
2025-12-28 23:02:28,943 INFO o.a.j.t.JMeterThread: Stopping because end time detected by thread: Users 1-61
2025-12-28 23:02:28,943 INFO o.a.j.t.JMeterThread: Thread finished: Users 1-61
2025-12-28 23:02:29,236 INFO o.a.j.t.JMeterThread: Stopping because end time detected by thread: Users 1-34
2025-12-28 23:02:29,236 INFO o.a.j.t.JMeterThread: Thread finished: Users 1-34
2025-12-28 23:02:29,300 INFO o.a.j.t.JMeterThread: Stopping because end time detected by thread: Users 1-19
2025-12-28 23:02:29,300 INFO o.a.j.t.JMeterThread: Thread finished: Users 1-19
2025-12-28 23:02:29,445 INFO o.a.j.t.JMeterThread: Stopping because end time detected by thread: Users 1-97
2025-12-28 23:02:29,445 INFO o.a.j.t.JMeterThread: Thread finished: Users 1-97
2025-12-28 23:02:29,601 INFO o.a.j.t.JMeterThread: Stopping because end time detected by thread: Users 1-52
2025-12-28 23:02:29,601 INFO o.a.j.t.JMeterThread: Thread finished: Users 1-52
2025-12-28 23:02:29,668 INFO o.a.j.t.JMeterThread: Stopping because end time detected by thread: Users 1-20
2025-12-28 23:02:29,668 INFO o.a.j.t.JMeterThread: Thread finished: Users 1-20
2025-12-28 23:02:29,834 INFO o.a.j.t.JMeterThread: Stopping because end time detected by thread: Users 1-41
2025-12-28 23:02:29,834 INFO o.a.j.t.JMeterThread: Thread finished: Users 1-41
2025-12-28 23:02:29,847 INFO o.a.j.t.JMeterThread: Stopping because end time detected by thread: Users 1-69
2025-12-28 23:02:29,847 INFO o.a.j.t.JMeterThread: Thread finished: Users 1-69
2025-12-28 23:02:29,942 INFO o.a.j.t.JMeterThread: Stopping because end time detected by thread: Users 1-71
2025-12-28 23:02:29,942 INFO o.a.j.t.JMeterThread: Thread finished: Users 1-71
2025-12-28 23:02:29,967 INFO o.a.j.t.JMeterThread: Stopping because end time detected by thread: Users 1-12
2025-12-28 23:02:29,967 INFO o.a.j.t.JMeterThread: Thread finished: Users 1-12
2025-12-28 23:02:29,988 INFO o.a.j.t.JMeterThread: Stopping because end time detected by thread: Users 1-59
2025-12-28 23:02:29,988 INFO o.a.j.t.JMeterThread: Thread finished: Users 1-59
2025-12-28 23:02:30,067 INFO o.a.j.t.JMeterThread: Stopping because end time detected by thread: Users 1-13
2025-12-28 23:02:30,067 INFO o.a.j.t.JMeterThread: Thread finished: Users 1-13
2025-12-28 23:02:30,101 INFO o.a.j.t.JMeterThread: Stopping because end time detected by thread: Users 1-72
2025-12-28 23:02:30,101 INFO o.a.j.t.JMeterThread: Thread finished: Users 1-72
2025-12-28 23:02:30,268 INFO o.a.j.t.JMeterThread: Stopping because end time detected by thread: Users 1-26
2025-12-28 23:02:30,268 INFO o.a.j.t.JMeterThread: Thread finished: Users 1-26
2025-12-28 23:02:30,310 INFO o.a.j.t.JMeterThread: Stopping because end time detected by thread: Users 1-14
2025-12-28 23:02:30,310 INFO o.a.j.t.JMeterThread: Thread finished: Users 1-14
2025-12-28 23:02:30,694 INFO o.a.j.t.JMeterThread: Stopping because end time detected by thread: Users 1-53
2025-12-28 23:02:30,694 INFO o.a.j.t.JMeterThread: Thread finished: Users 1-53
2025-12-28 23:02:30,815 INFO o.a.j.t.JMeterThread: Stopping because end time detected by thread: Users 1-74
2025-12-28 23:02:30,815 INFO o.a.j.t.JMeterThread: Thread finished: Users 1-74
2025-12-28 23:02:30,818 INFO o.a.j.t.JMeterThread: Stopping because end time detected by thread: Users 1-73
2025-12-28 23:02:30,818 INFO o.a.j.t.JMeterThread: Thread finished: Users 1-73
2025-12-28 23:02:30,881 INFO o.a.j.t.JMeterThread: Stopping because end time detected by thread: Users 1-32
2025-12-28 23:02:30,881 INFO o.a.j.t.JMeterThread: Thread finished: Users 1-32
2025-12-28 23:02:30,978 INFO o.a.j.t.JMeterThread: Stopping because end time detected by thread: Users 1-1
2025-12-28 23:02:30,978 INFO o.a.j.t.JMeterThread: Thread finished: Users 1-1
2025-12-28 23:02:30,994 INFO o.a.j.t.JMeterThread: Stopping because end time detected by thread: Users 1-54
2025-12-28 23:02:30,994 INFO o.a.j.t.JMeterThread: Thread finished: Users 1-54
2025-12-28 23:02:31,043 INFO o.a.j.t.JMeterThread: Stopping because end time detected by thread: Users 1-18
2025-12-28 23:02:31,043 INFO o.a.j.t.JMeterThread: Thread finished: Users 1-18
2025-12-28 23:02:31,044 INFO o.a.j.t.JMeterThread: Stopping because end time detected by thread: Users 1-60
2025-12-28 23:02:31,044 INFO o.a.j.t.JMeterThread: Thread finished: Users 1-60
2025-12-28 23:02:31,071 INFO o.a.j.t.JMeterThread: Stopping because end time detected by thread: Users 1-17
2025-12-28 23:02:31,071 INFO o.a.j.t.JMeterThread: Thread finished: Users 1-17
2025-12-28 23:02:31,102 INFO o.a.j.t.JMeterThread: Stopping because end time detected by thread: Users 1-66
2025-12-28 23:02:31,102 INFO o.a.j.t.JMeterThread: Thread finished: Users 1-66
2025-12-28 23:02:31,144 INFO o.a.j.t.JMeterThread: Stopping because end time detected by thread: Users 1-65
2025-12-28 23:02:31,144 INFO o.a.j.t.JMeterThread: Thread finished: Users 1-65
2025-12-28 23:02:31,157 INFO o.a.j.t.JMeterThread: Stopping because end time detected by thread: Users 1-2
2025-12-28 23:02:31,157 INFO o.a.j.t.JMeterThread: Thread finished: Users 1-2
2025-12-28 23:02:31,157 INFO o.a.j.t.JMeterThread: Stopping because end time detected by thread: Users 1-38
2025-12-28 23:02:31,157 INFO o.a.j.t.JMeterThread: Thread finished: Users 1-38
2025-12-28 23:02:31,201 INFO o.a.j.t.JMeterThread: Stopping because end time detected by thread: Users 1-47
2025-12-28 23:02:31,201 INFO o.a.j.t.JMeterThread: Thread finished: Users 1-47
2025-12-28 23:02:31,237 INFO o.a.j.t.JMeterThread: Stopping because end time detected by thread: Users 1-9
2025-12-28 23:02:31,237 INFO o.a.j.t.JMeterThread: Thread finished: Users 1-9
2025-12-28 23:02:31,360 INFO o.a.j.t.JMeterThread: Stopping because end time detected by thread: Users 1-3
2025-12-28 23:02:31,360 INFO o.a.j.t.JMeterThread: Thread finished: Users 1-3
2025-12-28 23:02:31,361 INFO o.a.j.t.JMeterThread: Stopping because end time detected by thread: Users 1-33
2025-12-28 23:02:31,361 INFO o.a.j.t.JMeterThread: Thread finished: Users 1-33
2025-12-28 23:02:31,370 INFO o.a.j.t.JMeterThread: Stopping because end time detected by thread: Users 1-36
2025-12-28 23:02:31,370 INFO o.a.j.t.JMeterThread: Thread finished: Users 1-36
2025-12-28 23:02:31,409 INFO o.a.j.t.JMeterThread: Stopping because end time detected by thread: Users 1-44
2025-12-28 23:02:31,409 INFO o.a.j.t.JMeterThread: Thread finished: Users 1-44
2025-12-28 23:02:31,423 INFO o.a.j.t.JMeterThread: Stopping because end time detected by thread: Users 1-24
2025-12-28 23:02:31,423 INFO o.a.j.t.JMeterThread: Thread finished: Users 1-24
2025-12-28 23:02:31,502 INFO o.a.j.t.JMeterThread: Stopping because end time detected by thread: Users 1-50
2025-12-28 23:02:31,502 INFO o.a.j.t.JMeterThread: Thread finished: Users 1-50
2025-12-28 23:02:31,530 INFO o.a.j.t.JMeterThread: Stopping because end time detected by thread: Users 1-62
2025-12-28 23:02:31,530 INFO o.a.j.t.JMeterThread: Thread finished: Users 1-62
2025-12-28 23:02:31,592 INFO o.a.j.t.JMeterThread: Stopping because end time detected by thread: Users 1-27
2025-12-28 23:02:31,592 INFO o.a.j.t.JMeterThread: Thread finished: Users 1-27
2025-12-28 23:02:31,612 INFO o.a.j.t.JMeterThread: Stopping because end time detected by thread: Users 1-21
2025-12-28 23:02:31,612 INFO o.a.j.t.JMeterThread: Thread finished: Users 1-21
2025-12-28 23:02:31,639 INFO o.a.j.t.JMeterThread: Stopping because end time detected by thread: Users 1-77
2025-12-28 23:02:31,639 INFO o.a.j.t.JMeterThread: Thread finished: Users 1-77
2025-12-28 23:02:31,699 INFO o.a.j.t.JMeterThread: Stopping because end time detected by thread: Users 1-64
2025-12-28 23:02:31,699 INFO o.a.j.t.JMeterThread: Thread finished: Users 1-64
2025-12-28 23:02:31,748 INFO o.a.j.t.JMeterThread: Stopping because end time detected by thread: Users 1-15
2025-12-28 23:02:31,748 INFO o.a.j.t.JMeterThread: Thread finished: Users 1-15
2025-12-28 23:02:31,749 INFO o.a.j.t.JMeterThread: Stopping because end time detected by thread: Users 1-63
2025-12-28 23:02:31,749 INFO o.a.j.t.JMeterThread: Thread finished: Users 1-63
2025-12-28 23:02:31,891 INFO o.a.j.t.JMeterThread: Stopping because end time detected by thread: Users 1-10
2025-12-28 23:02:31,891 INFO o.a.j.t.JMeterThread: Thread finished: Users 1-10
2025-12-28 23:02:31,983 INFO o.a.j.t.JMeterThread: Stopping because end time detected by thread: Users 1-55
2025-12-28 23:02:31,983 INFO o.a.j.t.JMeterThread: Thread finished: Users 1-55
2025-12-28 23:02:32,076 INFO o.a.j.t.JMeterThread: Stopping because end time detected by thread: Users 1-56
2025-12-28 23:02:32,076 INFO o.a.j.t.JMeterThread: Thread finished: Users 1-56
2025-12-28 23:02:32,097 INFO o.a.j.t.JMeterThread: Stopping because end time detected by thread: Users 1-30
2025-12-28 23:02:32,097 INFO o.a.j.t.JMeterThread: Thread finished: Users 1-30
2025-12-28 23:02:32,283 INFO o.a.j.t.JMeterThread: Stopping because end time detected by thread: Users 1-82
2025-12-28 23:02:32,283 INFO o.a.j.t.JMeterThread: Thread finished: Users 1-82
2025-12-28 23:02:32,522 INFO o.a.j.t.JMeterThread: Stopping because end time detected by thread: Users 1-70
2025-12-28 23:02:32,522 INFO o.a.j.t.JMeterThread: Thread finished: Users 1-70
2025-12-28 23:02:32,868 INFO o.a.j.t.JMeterThread: Stopping because end time detected by thread: Users 1-78
2025-12-28 23:02:32,868 INFO o.a.j.t.JMeterThread: Thread finished: Users 1-78
2025-12-28 23:02:35,034 INFO o.a.j.t.JMeterThread: Stopping because end time detected by thread: Users 1-45
2025-12-28 23:02:35,034 INFO o.a.j.t.JMeterThread: Thread finished: Users 1-45
2025-12-28 23:02:35,051 INFO o.a.j.t.JMeterThread: Stopping because end time detected by thread: Users 1-11
2025-12-28 23:02:35,051 INFO o.a.j.t.JMeterThread: Thread finished: Users 1-11
2025-12-28 23:02:35,061 INFO o.a.j.t.JMeterThread: Stopping because end time detected by thread: Users 1-4
2025-12-28 23:02:35,061 INFO o.a.j.t.JMeterThread: Thread finished: Users 1-4
2025-12-28 23:02:35,111 INFO o.a.j.t.JMeterThread: Stopping because end time detected by thread: Users 1-43
2025-12-28 23:02:35,111 INFO o.a.j.t.JMeterThread: Thread finished: Users 1-43
2025-12-28 23:02:35,172 INFO o.a.j.t.JMeterThread: Stopping because end time detected by thread: Users 1-39
2025-12-28 23:02:35,172 INFO o.a.j.t.JMeterThread: Thread finished: Users 1-39
2025-12-28 23:02:35,540 INFO o.a.j.t.JMeterThread: Stopping because end time detected by thread: Users 1-23
2025-12-28 23:02:35,540 INFO o.a.j.t.JMeterThread: Thread finished: Users 1-23
2025-12-28 23:02:35,552 INFO o.a.j.t.JMeterThread: Stopping because end time detected by thread: Users 1-67
2025-12-28 23:02:35,552 INFO o.a.j.t.JMeterThread: Thread finished: Users 1-67
2025-12-28 23:02:36,286 INFO o.a.j.t.JMeterThread: Stopping because end time detected by thread: Users 1-57
2025-12-28 23:02:36,286 INFO o.a.j.t.JMeterThread: Thread finished: Users 1-57
2025-12-28 23:02:36,424 INFO o.a.j.t.JMeterThread: Stopping because end time detected by thread: Users 1-42
2025-12-28 23:02:36,424 INFO o.a.j.t.JMeterThread: Thread finished: Users 1-42
2025-12-28 23:02:36,609 INFO o.a.j.t.JMeterThread: Stopping because end time detected by thread: Users 1-75
2025-12-28 23:02:36,609 INFO o.a.j.t.JMeterThread: Thread finished: Users 1-75
2025-12-28 23:02:36,623 INFO o.a.j.t.JMeterThread: Stopping because end time detected by thread: Users 1-5
2025-12-28 23:02:36,623 INFO o.a.j.t.JMeterThread: Thread finished: Users 1-5
2025-12-28 23:02:36,624 INFO o.a.j.t.JMeterThread: Stopping because end time detected by thread: Users 1-98
2025-12-28 23:02:36,624 INFO o.a.j.t.JMeterThread: Thread finished: Users 1-98
2025-12-28 23:02:36,639 INFO o.a.j.t.JMeterThread: Stopping because end time detected by thread: Users 1-100
2025-12-28 23:02:36,639 INFO o.a.j.t.JMeterThread: Thread finished: Users 1-100
2025-12-28 23:02:36,668 INFO o.a.j.t.JMeterThread: Stopping because end time detected by thread: Users 1-90
2025-12-28 23:02:36,668 INFO o.a.j.t.JMeterThread: Thread finished: Users 1-90
2025-12-28 23:02:36,669 INFO o.a.j.t.JMeterThread: Stopping because end time detected by thread: Users 1-37
2025-12-28 23:02:36,669 INFO o.a.j.t.JMeterThread: Thread finished: Users 1-37
2025-12-28 23:02:36,762 INFO o.a.j.t.JMeterThread: Stopping because end time detected by thread: Users 1-87
2025-12-28 23:02:36,762 INFO o.a.j.t.JMeterThread: Thread finished: Users 1-87
2025-12-28 23:02:36,965 INFO o.a.j.t.JMeterThread: Stopping because end time detected by thread: Users 1-91
2025-12-28 23:02:36,965 INFO o.a.j.t.JMeterThread: Thread finished: Users 1-91
2025-12-28 23:02:36,970 INFO o.a.j.t.JMeterThread: Stopping because end time detected by thread: Users 1-85
2025-12-28 23:02:36,970 INFO o.a.j.t.JMeterThread: Thread finished: Users 1-85
2025-12-28 23:02:37,028 INFO o.a.j.t.JMeterThread: Stopping because end time detected by thread: Users 1-96
2025-12-28 23:02:37,028 INFO o.a.j.t.JMeterThread: Thread finished: Users 1-96
2025-12-28 23:02:37,029 INFO o.a.j.t.JMeterThread: Stopping because end time detected by thread: Users 1-88
2025-12-28 23:02:37,029 INFO o.a.j.t.JMeterThread: Thread finished: Users 1-88
2025-12-28 23:02:37,075 INFO o.a.j.t.JMeterThread: Stopping because end time detected by thread: Users 1-79
2025-12-28 23:02:37,075 INFO o.a.j.t.JMeterThread: Thread finished: Users 1-79
2025-12-28 23:02:37,141 INFO o.a.j.t.JMeterThread: Stopping because end time detected by thread: Users 1-99
2025-12-28 23:02:37,141 INFO o.a.j.t.JMeterThread: Thread finished: Users 1-99
2025-12-28 23:02:37,176 INFO o.a.j.t.JMeterThread: Stopping because end time detected by thread: Users 1-7
2025-12-28 23:02:37,176 INFO o.a.j.t.JMeterThread: Thread finished: Users 1-7
2025-12-28 23:02:37,268 INFO o.a.j.t.JMeterThread: Stopping because end time detected by thread: Users 1-84
2025-12-28 23:02:37,268 INFO o.a.j.t.JMeterThread: Thread finished: Users 1-84
2025-12-28 23:02:37,281 INFO o.a.j.t.JMeterThread: Stopping because end time detected by thread: Users 1-92
2025-12-28 23:02:37,281 INFO o.a.j.t.JMeterThread: Thread finished: Users 1-92
2025-12-28 23:02:37,343 INFO o.a.j.t.JMeterThread: Stopping because end time detected by thread: Users 1-86
2025-12-28 23:02:37,343 INFO o.a.j.t.JMeterThread: Thread finished: Users 1-86
2025-12-28 23:02:37,357 INFO o.a.j.t.JMeterThread: Stopping because end time detected by thread: Users 1-29
2025-12-28 23:02:37,357 INFO o.a.j.t.JMeterThread: Thread finished: Users 1-29
2025-12-28 23:02:37,363 INFO o.a.j.t.JMeterThread: Stopping because end time detected by thread: Users 1-46
2025-12-28 23:02:37,363 INFO o.a.j.t.JMeterThread: Thread finished: Users 1-46
2025-12-28 23:02:37,472 INFO o.a.j.t.JMeterThread: Stopping because end time detected by thread: Users 1-93
2025-12-28 23:02:37,472 INFO o.a.j.t.JMeterThread: Thread finished: Users 1-93
2025-12-28 23:02:37,483 INFO o.a.j.t.JMeterThread: Stopping because end time detected by thread: Users 1-35
2025-12-28 23:02:37,483 INFO o.a.j.t.JMeterThread: Thread finished: Users 1-35
2025-12-28 23:02:37,484 INFO o.a.j.e.StandardJMeterEngine: Notifying test listeners of end of test
2025-12-28 23:02:37,484 INFO o.a.j.g.u.JMeterMenuBar: setRunning(false, *local*)
